{"D:\\git\\algorithms\\algo-challenges\\absoluteValuesSumMinization\\absoluteValuesSumMinization.js": {"path":"D:\\git\\algorithms\\algo-challenges\\absoluteValuesSumMinization\\absoluteValuesSumMinization.js","statementMap":{"0":{"start":{"line":2,"column":11},"end":{"line":2,"column":12}},"1":{"start":{"line":3,"column":1},"end":{"line":5,"column":4}},"2":{"start":{"line":4,"column":2},"end":{"line":4,"column":31}},"3":{"start":{"line":7,"column":1},"end":{"line":7,"column":12}},"4":{"start":{"line":11,"column":16},"end":{"line":11,"column":38}},"5":{"start":{"line":12,"column":1},"end":{"line":12,"column":10}},"6":{"start":{"line":13,"column":19},"end":{"line":13,"column":25}},"7":{"start":{"line":14,"column":1},"end":{"line":21,"column":4}},"8":{"start":{"line":15,"column":15},"end":{"line":15,"column":34}},"9":{"start":{"line":16,"column":2},"end":{"line":19,"column":3}},"10":{"start":{"line":17,"column":3},"end":{"line":17,"column":19}},"11":{"start":{"line":18,"column":3},"end":{"line":18,"column":21}},"12":{"start":{"line":20,"column":2},"end":{"line":20,"column":11}},"13":{"start":{"line":22,"column":1},"end":{"line":22,"column":13}},"14":{"start":{"line":24,"column":1},"end":{"line":24,"column":20}},"15":{"start":{"line":28,"column":1},"end":{"line":30,"column":4}},"16":{"start":{"line":29,"column":2},"end":{"line":29,"column":15}},"17":{"start":{"line":31,"column":19},"end":{"line":31,"column":35}},"18":{"start":{"line":33,"column":1},"end":{"line":35,"column":38}},"19":{"start":{"line":38,"column":0},"end":{"line":41,"column":2}}},"fnMap":{"0":{"name":"summation","decl":{"start":{"line":1,"column":9},"end":{"line":1,"column":18}},"loc":{"start":{"line":1,"column":35},"end":{"line":8,"column":1}},"line":1},"1":{"name":"(anonymous_1)","decl":{"start":{"line":3,"column":15},"end":{"line":3,"column":16}},"loc":{"start":{"line":3,"column":22},"end":{"line":5,"column":2}},"line":3},"2":{"name":"absoluteValuesSumMinization","decl":{"start":{"line":10,"column":9},"end":{"line":10,"column":36}},"loc":{"start":{"line":10,"column":42},"end":{"line":25,"column":1}},"line":10},"3":{"name":"(anonymous_3)","decl":{"start":{"line":14,"column":13},"end":{"line":14,"column":14}},"loc":{"start":{"line":14,"column":20},"end":{"line":21,"column":2}},"line":14},"4":{"name":"median","decl":{"start":{"line":27,"column":9},"end":{"line":27,"column":15}},"loc":{"start":{"line":27,"column":23},"end":{"line":36,"column":1}},"line":27},"5":{"name":"(anonymous_5)","decl":{"start":{"line":28,"column":12},"end":{"line":28,"column":13}},"loc":{"start":{"line":28,"column":22},"end":{"line":30,"column":2}},"line":28}},"branchMap":{"0":{"loc":{"start":{"line":16,"column":2},"end":{"line":19,"column":3}},"type":"if","locations":[{"start":{"line":16,"column":2},"end":{"line":19,"column":3}},{"start":{"line":16,"column":2},"end":{"line":19,"column":3}}],"line":16},"1":{"loc":{"start":{"line":33,"column":8},"end":{"line":35,"column":37}},"type":"cond-expr","locations":[{"start":{"line":34,"column":2},"end":{"line":34,"column":41}},{"start":{"line":35,"column":2},"end":{"line":35,"column":37}}],"line":33}},"s":{"0":9,"1":9,"2":32,"3":9,"4":2,"5":2,"6":2,"7":2,"8":7,"9":7,"10":1,"11":1,"12":7,"13":2,"14":2,"15":2,"16":5,"17":2,"18":2,"19":1},"f":{"0":9,"1":32,"2":2,"3":7,"4":2,"5":5},"b":{"0":[1,6],"1":[1,1]},"_coverageSchema":"1a1c01bbd47fc00a2c39e90264f33305004495a9","hash":"db043f301c3366fbe1bf1d3cc35927c4e6592cf7"}
,"D:\\git\\algorithms\\algo-challenges\\add\\add.js": {"path":"D:\\git\\algorithms\\algo-challenges\\add\\add.js","statementMap":{"0":{"start":{"line":2,"column":23},"end":{"line":2,"column":39}},"1":{"start":{"line":3,"column":11},"end":{"line":3,"column":12}},"2":{"start":{"line":4,"column":1},"end":{"line":6,"column":2}},"3":{"start":{"line":5,"column":2},"end":{"line":5,"column":38}},"4":{"start":{"line":9,"column":1},"end":{"line":9,"column":20}},"5":{"start":{"line":13,"column":11},"end":{"line":13,"column":12}},"6":{"start":{"line":14,"column":1},"end":{"line":16,"column":4}},"7":{"start":{"line":15,"column":2},"end":{"line":15,"column":17}},"8":{"start":{"line":18,"column":1},"end":{"line":18,"column":20}},"9":{"start":{"line":21,"column":0},"end":{"line":24,"column":2}}},"fnMap":{"0":{"name":"add","decl":{"start":{"line":1,"column":9},"end":{"line":1,"column":12}},"loc":{"start":{"line":1,"column":15},"end":{"line":10,"column":1}},"line":1},"1":{"name":"addWithSpreadOperator","decl":{"start":{"line":12,"column":9},"end":{"line":12,"column":30}},"loc":{"start":{"line":12,"column":42},"end":{"line":19,"column":1}},"line":12},"2":{"name":"(anonymous_2)","decl":{"start":{"line":14,"column":16},"end":{"line":14,"column":17}},"loc":{"start":{"line":14,"column":27},"end":{"line":16,"column":2}},"line":14}},"branchMap":{},"s":{"0":4,"1":4,"2":4,"3":8,"4":4,"5":4,"6":4,"7":8,"8":4,"9":1},"f":{"0":4,"1":4,"2":8},"b":{},"_coverageSchema":"1a1c01bbd47fc00a2c39e90264f33305004495a9","hash":"77aa9fc02d3e719516323a9f710e210b7bf81b7b"}
,"D:\\git\\algorithms\\algo-challenges\\addBorder\\addBorder.js": {"path":"D:\\git\\algorithms\\algo-challenges\\addBorder\\addBorder.js","statementMap":{"0":{"start":{"line":2,"column":22},"end":{"line":3,"column":27}},"1":{"start":{"line":4,"column":16},"end":{"line":4,"column":40}},"2":{"start":{"line":5,"column":25},"end":{"line":5,"column":33}},"3":{"start":{"line":7,"column":1},"end":{"line":9,"column":4}},"4":{"start":{"line":8,"column":2},"end":{"line":8,"column":35}},"5":{"start":{"line":11,"column":1},"end":{"line":11,"column":30}},"6":{"start":{"line":13,"column":1},"end":{"line":13,"column":24}},"7":{"start":{"line":16,"column":0},"end":{"line":18,"column":2}}},"fnMap":{"0":{"name":"addBorder","decl":{"start":{"line":1,"column":9},"end":{"line":1,"column":18}},"loc":{"start":{"line":1,"column":28},"end":{"line":14,"column":1}},"line":1},"1":{"name":"(anonymous_1)","decl":{"start":{"line":7,"column":17},"end":{"line":7,"column":18}},"loc":{"start":{"line":7,"column":24},"end":{"line":9,"column":2}},"line":7}},"branchMap":{"0":{"loc":{"start":{"line":2,"column":22},"end":{"line":3,"column":27}},"type":"cond-expr","locations":[{"start":{"line":3,"column":2},"end":{"line":3,"column":23}},{"start":{"line":3,"column":26},"end":{"line":3,"column":27}}],"line":2}},"s":{"0":4,"1":4,"2":4,"3":4,"4":4,"5":4,"6":4,"7":1},"f":{"0":4,"1":4},"b":{"0":[3,1]},"_coverageSchema":"1a1c01bbd47fc00a2c39e90264f33305004495a9","hash":"28658c594b11af81e6243ff4de00b34052994232"}
,"D:\\git\\algorithms\\algo-challenges\\addTwoDigits\\addTwoDigits.js": {"path":"D:\\git\\algorithms\\algo-challenges\\addTwoDigits\\addTwoDigits.js","statementMap":{"0":{"start":{"line":2,"column":1},"end":{"line":5,"column":8}},"1":{"start":{"line":4,"column":3},"end":{"line":4,"column":33}},"2":{"start":{"line":8,"column":0},"end":{"line":8,"column":34}}},"fnMap":{"0":{"name":"addTwoDigits","decl":{"start":{"line":1,"column":9},"end":{"line":1,"column":21}},"loc":{"start":{"line":1,"column":42},"end":{"line":6,"column":1}},"line":1},"1":{"name":"(anonymous_1)","decl":{"start":{"line":3,"column":19},"end":{"line":3,"column":20}},"loc":{"start":{"line":3,"column":37},"end":{"line":5,"column":3}},"line":3}},"branchMap":{"0":{"loc":{"start":{"line":1,"column":22},"end":{"line":1,"column":40}},"type":"default-arg","locations":[{"start":{"line":1,"column":39},"end":{"line":1,"column":40}}],"line":1}},"s":{"0":5,"1":8,"2":1},"f":{"0":5,"1":8},"b":{"0":[1]},"_coverageSchema":"1a1c01bbd47fc00a2c39e90264f33305004495a9","hash":"08bfad7d1d76d5aa943ed4e31e6df64d7dbfabe8"}
,"D:\\git\\algorithms\\algo-challenges\\addWithoutCarry\\addWithoutCarry.js": {"path":"D:\\git\\algorithms\\algo-challenges\\addWithoutCarry\\addWithoutCarry.js","statementMap":{"0":{"start":{"line":2,"column":27},"end":{"line":2,"column":65}},"1":{"start":{"line":3,"column":17},"end":{"line":3,"column":18}},"2":{"start":{"line":4,"column":20},"end":{"line":4,"column":21}},"3":{"start":{"line":5,"column":4},"end":{"line":11,"column":5}},"4":{"start":{"line":6,"column":26},"end":{"line":6,"column":48}},"5":{"start":{"line":7,"column":8},"end":{"line":7,"column":40}},"6":{"start":{"line":8,"column":8},"end":{"line":8,"column":41}},"7":{"start":{"line":9,"column":8},"end":{"line":9,"column":41}},"8":{"start":{"line":10,"column":8},"end":{"line":10,"column":24}},"9":{"start":{"line":13,"column":4},"end":{"line":13,"column":18}},"10":{"start":{"line":16,"column":0},"end":{"line":16,"column":37}}},"fnMap":{"0":{"name":"addWithoutCarry","decl":{"start":{"line":1,"column":9},"end":{"line":1,"column":24}},"loc":{"start":{"line":1,"column":41},"end":{"line":14,"column":1}},"line":1}},"branchMap":{"0":{"loc":{"start":{"line":5,"column":11},"end":{"line":5,"column":35}},"type":"binary-expr","locations":[{"start":{"line":5,"column":11},"end":{"line":5,"column":21}},{"start":{"line":5,"column":25},"end":{"line":5,"column":35}}],"line":5}},"s":{"0":3,"1":3,"2":3,"3":3,"4":10,"5":10,"6":10,"7":10,"8":10,"9":3,"10":1},"f":{"0":3},"b":{"0":[13,5]},"_coverageSchema":"1a1c01bbd47fc00a2c39e90264f33305004495a9","hash":"c8d57afa62f50afea852a4f4e48d770391986084"}
,"D:\\git\\algorithms\\algo-challenges\\adjacentProduct\\adjacentProduct.js": {"path":"D:\\git\\algorithms\\algo-challenges\\adjacentProduct\\adjacentProduct.js","statementMap":{"0":{"start":{"line":7,"column":1},"end":{"line":9,"column":17}},"1":{"start":{"line":19,"column":1},"end":{"line":24,"column":2}},"2":{"start":{"line":20,"column":18},"end":{"line":20,"column":45}},"3":{"start":{"line":21,"column":2},"end":{"line":23,"column":3}},"4":{"start":{"line":22,"column":3},"end":{"line":22,"column":18}},"5":{"start":{"line":26,"column":1},"end":{"line":26,"column":18}},"6":{"start":{"line":33,"column":21},"end":{"line":33,"column":43}},"7":{"start":{"line":35,"column":1},"end":{"line":35,"column":52}},"8":{"start":{"line":38,"column":0},"end":{"line":40,"column":2}}},"fnMap":{"0":{"name":"getInitalValue","decl":{"start":{"line":6,"column":9},"end":{"line":6,"column":23}},"loc":{"start":{"line":6,"column":32},"end":{"line":10,"column":1}},"line":6},"1":{"name":"matrixReduction","decl":{"start":{"line":18,"column":9},"end":{"line":18,"column":24}},"loc":{"start":{"line":18,"column":60},"end":{"line":27,"column":1}},"line":18},"2":{"name":"adjacentProduct","decl":{"start":{"line":32,"column":9},"end":{"line":32,"column":24}},"loc":{"start":{"line":32,"column":33},"end":{"line":36,"column":1}},"line":32}},"branchMap":{"0":{"loc":{"start":{"line":7,"column":8},"end":{"line":9,"column":16}},"type":"cond-expr","locations":[{"start":{"line":8,"column":2},"end":{"line":8,"column":23}},{"start":{"line":8,"column":26},"end":{"line":9,"column":16}}],"line":7},"1":{"loc":{"start":{"line":8,"column":26},"end":{"line":9,"column":16}},"type":"cond-expr","locations":[{"start":{"line":9,"column":3},"end":{"line":9,"column":12}},{"start":{"line":9,"column":15},"end":{"line":9,"column":16}}],"line":8},"2":{"loc":{"start":{"line":19,"column":1},"end":{"line":24,"column":2}},"type":"if","locations":[{"start":{"line":19,"column":1},"end":{"line":24,"column":2}},{"start":{"line":19,"column":1},"end":{"line":24,"column":2}}],"line":19},"3":{"loc":{"start":{"line":21,"column":2},"end":{"line":23,"column":3}},"type":"if","locations":[{"start":{"line":21,"column":2},"end":{"line":23,"column":3}},{"start":{"line":21,"column":2},"end":{"line":23,"column":3}}],"line":21}},"s":{"0":8,"1":24,"2":17,"3":17,"4":5,"5":19,"6":8,"7":8,"8":1},"f":{"0":8,"1":24,"2":8},"b":{"0":[6,2],"1":[1,1],"2":[17,7],"3":[5,12]},"_coverageSchema":"1a1c01bbd47fc00a2c39e90264f33305004495a9","hash":"62c0b81bca05a11218d0b4a360790693309de7d1"}
,"D:\\git\\algorithms\\algo-challenges\\allLongestString\\allLongestString.js": {"path":"D:\\git\\algorithms\\algo-challenges\\allLongestString\\allLongestString.js","statementMap":{"0":{"start":{"line":8,"column":33},"end":{"line":9,"column":32}},"1":{"start":{"line":10,"column":4},"end":{"line":12,"column":5}},"2":{"start":{"line":11,"column":8},"end":{"line":11,"column":33}},"3":{"start":{"line":12,"column":6},"end":{"line":14,"column":5}},"4":{"start":{"line":13,"column":8},"end":{"line":13,"column":35}},"5":{"start":{"line":16,"column":4},"end":{"line":16,"column":28}},"6":{"start":{"line":24,"column":27},"end":{"line":24,"column":29}},"7":{"start":{"line":28,"column":4},"end":{"line":30,"column":7}},"8":{"start":{"line":29,"column":8},"end":{"line":29,"column":71}},"9":{"start":{"line":32,"column":4},"end":{"line":32,"column":28}},"10":{"start":{"line":35,"column":0},"end":{"line":37,"column":2}}},"fnMap":{"0":{"name":"extractLongestString","decl":{"start":{"line":7,"column":9},"end":{"line":7,"column":29}},"loc":{"start":{"line":7,"column":53},"end":{"line":17,"column":1}},"line":7},"1":{"name":"longestString","decl":{"start":{"line":23,"column":9},"end":{"line":23,"column":22}},"loc":{"start":{"line":23,"column":36},"end":{"line":33,"column":1}},"line":23},"2":{"name":"(anonymous_2)","decl":{"start":{"line":28,"column":24},"end":{"line":28,"column":25}},"loc":{"start":{"line":28,"column":31},"end":{"line":30,"column":5}},"line":28}},"branchMap":{"0":{"loc":{"start":{"line":8,"column":33},"end":{"line":9,"column":32}},"type":"cond-expr","locations":[{"start":{"line":9,"column":8},"end":{"line":9,"column":27}},{"start":{"line":9,"column":30},"end":{"line":9,"column":32}}],"line":8},"1":{"loc":{"start":{"line":10,"column":4},"end":{"line":12,"column":5}},"type":"if","locations":[{"start":{"line":10,"column":4},"end":{"line":12,"column":5}},{"start":{"line":10,"column":4},"end":{"line":12,"column":5}}],"line":10},"2":{"loc":{"start":{"line":12,"column":6},"end":{"line":14,"column":5}},"type":"if","locations":[{"start":{"line":12,"column":6},"end":{"line":14,"column":5}},{"start":{"line":12,"column":6},"end":{"line":14,"column":5}}],"line":12}},"s":{"0":21,"1":21,"2":5,"3":21,"4":14,"5":21,"6":7,"7":7,"8":21,"9":7,"10":1},"f":{"0":21,"1":7,"2":21},"b":{"0":[15,6],"1":[5,16],"2":[14,7]},"_coverageSchema":"1a1c01bbd47fc00a2c39e90264f33305004495a9","hash":"31cf94c998d355fa755c73d632429340afa385c1"}
,"D:\\git\\algorithms\\algo-challenges\\almostIncreasingSequence\\almostIncreasingSequence.js": {"path":"D:\\git\\algorithms\\algo-challenges\\almostIncreasingSequence\\almostIncreasingSequence.js","statementMap":{"0":{"start":{"line":1,"column":35},"end":{"line":1,"column":63}},"1":{"start":{"line":4,"column":19},"end":{"line":4,"column":21}},"2":{"start":{"line":5,"column":2},"end":{"line":10,"column":3}},"3":{"start":{"line":5,"column":19},"end":{"line":5,"column":20}},"4":{"start":{"line":6,"column":18},"end":{"line":6,"column":31}},"5":{"start":{"line":7,"column":4},"end":{"line":7,"column":27}},"6":{"start":{"line":9,"column":4},"end":{"line":9,"column":50}},"7":{"start":{"line":12,"column":32},"end":{"line":12,"column":71}},"8":{"start":{"line":14,"column":2},"end":{"line":14,"column":32}},"9":{"start":{"line":18,"column":25},"end":{"line":18,"column":29}},"10":{"start":{"line":19,"column":17},"end":{"line":19,"column":25}},"11":{"start":{"line":21,"column":2},"end":{"line":26,"column":3}},"12":{"start":{"line":21,"column":15},"end":{"line":21,"column":16}},"13":{"start":{"line":22,"column":4},"end":{"line":24,"column":5}},"14":{"start":{"line":23,"column":6},"end":{"line":23,"column":31}},"15":{"start":{"line":25,"column":4},"end":{"line":25,"column":24}},"16":{"start":{"line":28,"column":2},"end":{"line":28,"column":26}},"17":{"start":{"line":31,"column":0},"end":{"line":34,"column":2}}},"fnMap":{"0":{"name":"increasingSequence","decl":{"start":{"line":3,"column":9},"end":{"line":3,"column":27}},"loc":{"start":{"line":3,"column":35},"end":{"line":15,"column":1}},"line":3},"1":{"name":"checkIncreasingSequence","decl":{"start":{"line":17,"column":9},"end":{"line":17,"column":32}},"loc":{"start":{"line":17,"column":40},"end":{"line":29,"column":1}},"line":17}},"branchMap":{"0":{"loc":{"start":{"line":22,"column":4},"end":{"line":24,"column":5}},"type":"if","locations":[{"start":{"line":22,"column":4},"end":{"line":24,"column":5}},{"start":{"line":22,"column":4},"end":{"line":24,"column":5}}],"line":22}},"s":{"0":1,"1":5,"2":5,"3":5,"4":22,"5":22,"6":22,"7":5,"8":5,"9":28,"10":28,"11":28,"12":28,"13":69,"14":48,"15":69,"16":28,"17":1},"f":{"0":5,"1":28},"b":{"0":[48,21]},"_coverageSchema":"1a1c01bbd47fc00a2c39e90264f33305004495a9","hash":"319c92b2cf6054d993d182bf359f4adb4610cee3"}
,"D:\\git\\algorithms\\algo-challenges\\alphabeticShift\\alphabeticShift.js": {"path":"D:\\git\\algorithms\\algo-challenges\\alphabeticShift\\alphabeticShift.js","statementMap":{"0":{"start":{"line":6,"column":4},"end":{"line":8,"column":5}},"1":{"start":{"line":7,"column":8},"end":{"line":7,"column":38}},"2":{"start":{"line":10,"column":25},"end":{"line":10,"column":26}},"3":{"start":{"line":11,"column":22},"end":{"line":11,"column":76}},"4":{"start":{"line":12,"column":23},"end":{"line":12,"column":25}},"5":{"start":{"line":14,"column":4},"end":{"line":20,"column":5}},"6":{"start":{"line":14,"column":21},"end":{"line":14,"column":22}},"7":{"start":{"line":15,"column":30},"end":{"line":15,"column":67}},"8":{"start":{"line":16,"column":8},"end":{"line":18,"column":9}},"9":{"start":{"line":17,"column":12},"end":{"line":17,"column":43}},"10":{"start":{"line":19,"column":8},"end":{"line":19,"column":85}},"11":{"start":{"line":22,"column":4},"end":{"line":22,"column":24}},"12":{"start":{"line":25,"column":0},"end":{"line":25,"column":37}}},"fnMap":{"0":{"name":"alphabeticShift","decl":{"start":{"line":5,"column":9},"end":{"line":5,"column":24}},"loc":{"start":{"line":5,"column":38},"end":{"line":23,"column":1}},"line":5}},"branchMap":{"0":{"loc":{"start":{"line":6,"column":4},"end":{"line":8,"column":5}},"type":"if","locations":[{"start":{"line":6,"column":4},"end":{"line":8,"column":5}},{"start":{"line":6,"column":4},"end":{"line":8,"column":5}}],"line":6},"1":{"loc":{"start":{"line":16,"column":8},"end":{"line":18,"column":9}},"type":"if","locations":[{"start":{"line":16,"column":8},"end":{"line":18,"column":9}},{"start":{"line":16,"column":8},"end":{"line":18,"column":9}}],"line":16}},"s":{"0":6,"1":1,"2":5,"3":5,"4":5,"5":5,"6":5,"7":16,"8":16,"9":2,"10":14,"11":3,"12":1},"f":{"0":6},"b":{"0":[1,5],"1":[2,14]},"_coverageSchema":"1a1c01bbd47fc00a2c39e90264f33305004495a9","hash":"16c0aa11a87e51d4bf6836f9920e1ad8cdbc1141"}
,"D:\\git\\algorithms\\algo-challenges\\alternatingSums\\alternatingSums.js": {"path":"D:\\git\\algorithms\\algo-challenges\\alternatingSums\\alternatingSums.js","statementMap":{"0":{"start":{"line":2,"column":17},"end":{"line":2,"column":18}},"1":{"start":{"line":2,"column":30},"end":{"line":2,"column":31}},"2":{"start":{"line":3,"column":4},"end":{"line":9,"column":7}},"3":{"start":{"line":4,"column":8},"end":{"line":8,"column":9}},"4":{"start":{"line":5,"column":12},"end":{"line":5,"column":29}},"5":{"start":{"line":7,"column":12},"end":{"line":7,"column":30}},"6":{"start":{"line":11,"column":4},"end":{"line":11,"column":29}},"7":{"start":{"line":14,"column":0},"end":{"line":14,"column":37}}},"fnMap":{"0":{"name":"alternatingSums","decl":{"start":{"line":1,"column":9},"end":{"line":1,"column":24}},"loc":{"start":{"line":1,"column":34},"end":{"line":12,"column":1}},"line":1},"1":{"name":"(anonymous_1)","decl":{"start":{"line":3,"column":20},"end":{"line":3,"column":21}},"loc":{"start":{"line":3,"column":39},"end":{"line":9,"column":5}},"line":3}},"branchMap":{"0":{"loc":{"start":{"line":4,"column":8},"end":{"line":8,"column":9}},"type":"if","locations":[{"start":{"line":4,"column":8},"end":{"line":8,"column":9}},{"start":{"line":4,"column":8},"end":{"line":8,"column":9}}],"line":4}},"s":{"0":8,"1":8,"2":8,"3":30,"4":18,"5":12,"6":8,"7":1},"f":{"0":8,"1":30},"b":{"0":[18,12]},"_coverageSchema":"1a1c01bbd47fc00a2c39e90264f33305004495a9","hash":"f1aead589c2dc24970de5448f45acdafc1c069e3"}
,"D:\\git\\algorithms\\algo-challenges\\angleType\\angleType.js": {"path":"D:\\git\\algorithms\\algo-challenges\\angleType\\angleType.js","statementMap":{"0":{"start":{"line":2,"column":4},"end":{"line":4,"column":5}},"1":{"start":{"line":3,"column":8},"end":{"line":3,"column":38}},"2":{"start":{"line":5,"column":4},"end":{"line":7,"column":5}},"3":{"start":{"line":6,"column":8},"end":{"line":6,"column":23}},"4":{"start":{"line":8,"column":4},"end":{"line":10,"column":5}},"5":{"start":{"line":9,"column":8},"end":{"line":9,"column":23}},"6":{"start":{"line":11,"column":4},"end":{"line":13,"column":5}},"7":{"start":{"line":12,"column":8},"end":{"line":12,"column":26}},"8":{"start":{"line":14,"column":4},"end":{"line":16,"column":5}},"9":{"start":{"line":15,"column":8},"end":{"line":15,"column":24}},"10":{"start":{"line":18,"column":4},"end":{"line":18,"column":36}},"11":{"start":{"line":21,"column":0},"end":{"line":21,"column":31}}},"fnMap":{"0":{"name":"angleType","decl":{"start":{"line":1,"column":9},"end":{"line":1,"column":18}},"loc":{"start":{"line":1,"column":26},"end":{"line":19,"column":1}},"line":1}},"branchMap":{"0":{"loc":{"start":{"line":2,"column":4},"end":{"line":4,"column":5}},"type":"if","locations":[{"start":{"line":2,"column":4},"end":{"line":4,"column":5}},{"start":{"line":2,"column":4},"end":{"line":4,"column":5}}],"line":2},"1":{"loc":{"start":{"line":5,"column":4},"end":{"line":7,"column":5}},"type":"if","locations":[{"start":{"line":5,"column":4},"end":{"line":7,"column":5}},{"start":{"line":5,"column":4},"end":{"line":7,"column":5}}],"line":5},"2":{"loc":{"start":{"line":8,"column":4},"end":{"line":10,"column":5}},"type":"if","locations":[{"start":{"line":8,"column":4},"end":{"line":10,"column":5}},{"start":{"line":8,"column":4},"end":{"line":10,"column":5}}],"line":8},"3":{"loc":{"start":{"line":11,"column":4},"end":{"line":13,"column":5}},"type":"if","locations":[{"start":{"line":11,"column":4},"end":{"line":13,"column":5}},{"start":{"line":11,"column":4},"end":{"line":13,"column":5}}],"line":11},"4":{"loc":{"start":{"line":14,"column":4},"end":{"line":16,"column":5}},"type":"if","locations":[{"start":{"line":14,"column":4},"end":{"line":16,"column":5}},{"start":{"line":14,"column":4},"end":{"line":16,"column":5}}],"line":14},"5":{"loc":{"start":{"line":14,"column":8},"end":{"line":14,"column":33}},"type":"binary-expr","locations":[{"start":{"line":14,"column":8},"end":{"line":14,"column":18}},{"start":{"line":14,"column":22},"end":{"line":14,"column":33}}],"line":14}},"s":{"0":6,"1":1,"2":5,"3":1,"4":4,"5":1,"6":3,"7":1,"8":2,"9":1,"10":1,"11":1},"f":{"0":6},"b":{"0":[1,5],"1":[1,4],"2":[1,3],"3":[1,2],"4":[1,1],"5":[2,2]},"_coverageSchema":"1a1c01bbd47fc00a2c39e90264f33305004495a9","hash":"93311651500ef9be81cc3e542187770c1bdd9532"}
,"D:\\git\\algorithms\\algo-challenges\\applesDistribution\\applesDistribution.js": {"path":"D:\\git\\algorithms\\algo-challenges\\applesDistribution\\applesDistribution.js","statementMap":{"0":{"start":{"line":3,"column":18},"end":{"line":3,"column":46}},"1":{"start":{"line":4,"column":4},"end":{"line":7,"column":5}},"2":{"start":{"line":5,"column":8},"end":{"line":5,"column":22}},"3":{"start":{"line":6,"column":8},"end":{"line":6,"column":47}},"4":{"start":{"line":9,"column":4},"end":{"line":9,"column":23}},"5":{"start":{"line":12,"column":0},"end":{"line":12,"column":40}}},"fnMap":{"0":{"name":"applesDistribution","decl":{"start":{"line":2,"column":9},"end":{"line":2,"column":27}},"loc":{"start":{"line":2,"column":69},"end":{"line":10,"column":1}},"line":2}},"branchMap":{},"s":{"0":2,"1":2,"2":1,"3":1,"4":2,"5":1},"f":{"0":2},"b":{},"_coverageSchema":"1a1c01bbd47fc00a2c39e90264f33305004495a9","hash":"76d60165ed150ed67257589579b37676b1645b49"}
,"D:\\git\\algorithms\\algo-challenges\\applesInbox\\applesInbox.js": {"path":"D:\\git\\algorithms\\algo-challenges\\applesInbox\\applesInbox.js","statementMap":{"0":{"start":{"line":6,"column":4},"end":{"line":10,"column":5}},"1":{"start":{"line":7,"column":8},"end":{"line":7,"column":43}},"2":{"start":{"line":8,"column":11},"end":{"line":10,"column":5}},"3":{"start":{"line":9,"column":8},"end":{"line":9,"column":50}},"4":{"start":{"line":12,"column":4},"end":{"line":12,"column":60}},"5":{"start":{"line":20,"column":19},"end":{"line":20,"column":20}},"6":{"start":{"line":22,"column":20},"end":{"line":22,"column":21}},"7":{"start":{"line":23,"column":4},"end":{"line":29,"column":5}},"8":{"start":{"line":23,"column":23},"end":{"line":23,"column":24}},"9":{"start":{"line":24,"column":8},"end":{"line":28,"column":9}},"10":{"start":{"line":25,"column":12},"end":{"line":25,"column":45}},"11":{"start":{"line":27,"column":12},"end":{"line":27,"column":44}},"12":{"start":{"line":30,"column":21},"end":{"line":30,"column":41}},"13":{"start":{"line":32,"column":4},"end":{"line":32,"column":35}},"14":{"start":{"line":35,"column":0},"end":{"line":35,"column":33}}},"fnMap":{"0":{"name":"getFruitCount","decl":{"start":{"line":5,"column":9},"end":{"line":5,"column":22}},"loc":{"start":{"line":5,"column":33},"end":{"line":13,"column":1}},"line":5},"1":{"name":"applesInbox","decl":{"start":{"line":18,"column":9},"end":{"line":18,"column":20}},"loc":{"start":{"line":18,"column":36},"end":{"line":33,"column":1}},"line":18}},"branchMap":{"0":{"loc":{"start":{"line":6,"column":4},"end":{"line":10,"column":5}},"type":"if","locations":[{"start":{"line":6,"column":4},"end":{"line":10,"column":5}},{"start":{"line":6,"column":4},"end":{"line":10,"column":5}}],"line":6},"1":{"loc":{"start":{"line":8,"column":11},"end":{"line":10,"column":5}},"type":"if","locations":[{"start":{"line":8,"column":11},"end":{"line":10,"column":5}},{"start":{"line":8,"column":11},"end":{"line":10,"column":5}}],"line":8},"2":{"loc":{"start":{"line":24,"column":8},"end":{"line":28,"column":9}},"type":"if","locations":[{"start":{"line":24,"column":8},"end":{"line":28,"column":9}},{"start":{"line":24,"column":8},"end":{"line":28,"column":9}}],"line":24}},"s":{"0":3,"1":1,"2":2,"3":1,"4":1,"5":3,"6":3,"7":3,"8":3,"9":18,"10":10,"11":8,"12":3,"13":3,"14":1},"f":{"0":3,"1":3},"b":{"0":[1,2],"1":[1,1],"2":[10,8]},"_coverageSchema":"1a1c01bbd47fc00a2c39e90264f33305004495a9","hash":"edebaf342986000f2a566fe37c022088251601fd"}
,"D:\\git\\algorithms\\algo-challenges\\areEquallyStrong\\areEquallyStrong.js": {"path":"D:\\git\\algorithms\\algo-challenges\\areEquallyStrong\\areEquallyStrong.js","statementMap":{"0":{"start":{"line":2,"column":31},"end":{"line":2,"column":79}},"1":{"start":{"line":3,"column":31},"end":{"line":3,"column":79}},"2":{"start":{"line":5,"column":4},"end":{"line":5,"column":53}},"3":{"start":{"line":8,"column":0},"end":{"line":8,"column":38}}},"fnMap":{"0":{"name":"areEquallyStrong","decl":{"start":{"line":1,"column":9},"end":{"line":1,"column":25}},"loc":{"start":{"line":1,"column":48},"end":{"line":6,"column":1}},"line":1}},"branchMap":{},"s":{"0":3,"1":3,"2":3,"3":1},"f":{"0":3},"b":{},"_coverageSchema":"1a1c01bbd47fc00a2c39e90264f33305004495a9","hash":"e886824b065ff657cbe1cf0dbcf7261dd465b7ad"}
,"D:\\git\\algorithms\\algo-challenges\\areSimilar\\areSimilar.js": {"path":"D:\\git\\algorithms\\algo-challenges\\areSimilar\\areSimilar.js","statementMap":{"0":{"start":{"line":2,"column":4},"end":{"line":4,"column":7}},"1":{"start":{"line":3,"column":8},"end":{"line":3,"column":21}},"2":{"start":{"line":5,"column":4},"end":{"line":7,"column":7}},"3":{"start":{"line":6,"column":8},"end":{"line":6,"column":21}},"4":{"start":{"line":11,"column":4},"end":{"line":13,"column":5}},"5":{"start":{"line":12,"column":8},"end":{"line":12,"column":21}},"6":{"start":{"line":14,"column":4},"end":{"line":14,"column":39}},"7":{"start":{"line":15,"column":4},"end":{"line":19,"column":5}},"8":{"start":{"line":15,"column":21},"end":{"line":15,"column":22}},"9":{"start":{"line":16,"column":8},"end":{"line":18,"column":9}},"10":{"start":{"line":17,"column":12},"end":{"line":17,"column":25}},"11":{"start":{"line":21,"column":4},"end":{"line":21,"column":16}},"12":{"start":{"line":24,"column":0},"end":{"line":24,"column":32}}},"fnMap":{"0":{"name":"sortArray","decl":{"start":{"line":1,"column":9},"end":{"line":1,"column":18}},"loc":{"start":{"line":1,"column":44},"end":{"line":8,"column":1}},"line":1},"1":{"name":"(anonymous_1)","decl":{"start":{"line":2,"column":20},"end":{"line":2,"column":21}},"loc":{"start":{"line":2,"column":30},"end":{"line":4,"column":5}},"line":2},"2":{"name":"(anonymous_2)","decl":{"start":{"line":5,"column":21},"end":{"line":5,"column":22}},"loc":{"start":{"line":5,"column":31},"end":{"line":7,"column":5}},"line":5},"3":{"name":"areSimilar","decl":{"start":{"line":10,"column":9},"end":{"line":10,"column":19}},"loc":{"start":{"line":10,"column":45},"end":{"line":22,"column":1}},"line":10}},"branchMap":{"0":{"loc":{"start":{"line":11,"column":4},"end":{"line":13,"column":5}},"type":"if","locations":[{"start":{"line":11,"column":4},"end":{"line":13,"column":5}},{"start":{"line":11,"column":4},"end":{"line":13,"column":5}}],"line":11},"1":{"loc":{"start":{"line":16,"column":8},"end":{"line":18,"column":9}},"type":"if","locations":[{"start":{"line":16,"column":8},"end":{"line":18,"column":9}},{"start":{"line":16,"column":8},"end":{"line":18,"column":9}}],"line":16}},"s":{"0":4,"1":6,"2":4,"3":9,"4":6,"5":2,"6":4,"7":4,"8":4,"9":6,"10":1,"11":3,"12":1},"f":{"0":4,"1":6,"2":9,"3":6},"b":{"0":[2,4],"1":[1,5]},"_coverageSchema":"1a1c01bbd47fc00a2c39e90264f33305004495a9","hash":"4c6b2bd7b283225c182f3094592af19d6c7e3e8b"}
,"D:\\git\\algorithms\\algo-challenges\\arithmeticExpression\\arithmeticExpression.js": {"path":"D:\\git\\algorithms\\algo-challenges\\arithmeticExpression\\arithmeticExpression.js","statementMap":{"0":{"start":{"line":3,"column":27},"end":{"line":3,"column":65}},"1":{"start":{"line":4,"column":4},"end":{"line":6,"column":5}},"2":{"start":{"line":5,"column":8},"end":{"line":5,"column":20}},"3":{"start":{"line":7,"column":4},"end":{"line":9,"column":5}},"4":{"start":{"line":8,"column":8},"end":{"line":8,"column":20}},"5":{"start":{"line":10,"column":4},"end":{"line":12,"column":5}},"6":{"start":{"line":11,"column":8},"end":{"line":11,"column":20}},"7":{"start":{"line":13,"column":4},"end":{"line":15,"column":5}},"8":{"start":{"line":14,"column":8},"end":{"line":14,"column":20}},"9":{"start":{"line":17,"column":4},"end":{"line":17,"column":17}},"10":{"start":{"line":20,"column":0},"end":{"line":20,"column":42}}},"fnMap":{"0":{"name":"arithmeticExpression","decl":{"start":{"line":2,"column":9},"end":{"line":2,"column":29}},"loc":{"start":{"line":2,"column":58},"end":{"line":18,"column":1}},"line":2}},"branchMap":{"0":{"loc":{"start":{"line":4,"column":4},"end":{"line":6,"column":5}},"type":"if","locations":[{"start":{"line":4,"column":4},"end":{"line":6,"column":5}},{"start":{"line":4,"column":4},"end":{"line":6,"column":5}}],"line":4},"1":{"loc":{"start":{"line":7,"column":4},"end":{"line":9,"column":5}},"type":"if","locations":[{"start":{"line":7,"column":4},"end":{"line":9,"column":5}},{"start":{"line":7,"column":4},"end":{"line":9,"column":5}}],"line":7},"2":{"loc":{"start":{"line":7,"column":8},"end":{"line":7,"column":98}},"type":"binary-expr","locations":[{"start":{"line":7,"column":9},"end":{"line":7,"column":51}},{"start":{"line":7,"column":56},"end":{"line":7,"column":98}}],"line":7},"3":{"loc":{"start":{"line":10,"column":4},"end":{"line":12,"column":5}},"type":"if","locations":[{"start":{"line":10,"column":4},"end":{"line":12,"column":5}},{"start":{"line":10,"column":4},"end":{"line":12,"column":5}}],"line":10},"4":{"loc":{"start":{"line":13,"column":4},"end":{"line":15,"column":5}},"type":"if","locations":[{"start":{"line":13,"column":4},"end":{"line":15,"column":5}},{"start":{"line":13,"column":4},"end":{"line":15,"column":5}}],"line":13},"5":{"loc":{"start":{"line":13,"column":8},"end":{"line":13,"column":98}},"type":"binary-expr","locations":[{"start":{"line":13,"column":9},"end":{"line":13,"column":51}},{"start":{"line":13,"column":56},"end":{"line":13,"column":98}}],"line":13}},"s":{"0":6,"1":6,"2":1,"3":5,"4":2,"5":3,"6":1,"7":2,"8":1,"9":1,"10":1},"f":{"0":6},"b":{"0":[1,5],"1":[2,3],"2":[5,4],"3":[1,2],"4":[1,1],"5":[2,1]},"_coverageSchema":"1a1c01bbd47fc00a2c39e90264f33305004495a9","hash":"9054f9411857e618502bc2f2b1218821139e2e71"}
,"D:\\git\\algorithms\\algo-challenges\\arrayChange\\arrayChange.js": {"path":"D:\\git\\algorithms\\algo-challenges\\arrayChange\\arrayChange.js","statementMap":{"0":{"start":{"line":2,"column":16},"end":{"line":2,"column":17}},"1":{"start":{"line":3,"column":4},"end":{"line":10,"column":5}},"2":{"start":{"line":3,"column":21},"end":{"line":3,"column":22}},"3":{"start":{"line":4,"column":8},"end":{"line":9,"column":9}},"4":{"start":{"line":5,"column":12},"end":{"line":5,"column":20}},"5":{"start":{"line":7,"column":12},"end":{"line":7,"column":36}},"6":{"start":{"line":8,"column":12},"end":{"line":8,"column":20}},"7":{"start":{"line":12,"column":4},"end":{"line":12,"column":17}},"8":{"start":{"line":15,"column":0},"end":{"line":15,"column":33}}},"fnMap":{"0":{"name":"arrayChange","decl":{"start":{"line":1,"column":9},"end":{"line":1,"column":20}},"loc":{"start":{"line":1,"column":33},"end":{"line":13,"column":1}},"line":1}},"branchMap":{"0":{"loc":{"start":{"line":4,"column":8},"end":{"line":9,"column":9}},"type":"if","locations":[{"start":{"line":4,"column":8},"end":{"line":9,"column":9}},{"start":{"line":4,"column":8},"end":{"line":9,"column":9}}],"line":4}},"s":{"0":5,"1":5,"2":5,"3":37,"4":12,"5":25,"6":25,"7":5,"8":1},"f":{"0":5},"b":{"0":[12,25]},"_coverageSchema":"1a1c01bbd47fc00a2c39e90264f33305004495a9","hash":"e509f6398ec6f1ffb9405c880aa281a4631bf703"}
,"D:\\git\\algorithms\\algo-challenges\\arrayConversion\\arrayConversion.js": {"path":"D:\\git\\algorithms\\algo-challenges\\arrayConversion\\arrayConversion.js","statementMap":{"0":{"start":{"line":2,"column":4},"end":{"line":4,"column":5}},"1":{"start":{"line":3,"column":8},"end":{"line":3,"column":17}},"2":{"start":{"line":5,"column":23},"end":{"line":5,"column":65}},"3":{"start":{"line":6,"column":4},"end":{"line":8,"column":5}},"4":{"start":{"line":7,"column":8},"end":{"line":7,"column":53}},"5":{"start":{"line":9,"column":26},"end":{"line":9,"column":31}},"6":{"start":{"line":10,"column":16},"end":{"line":10,"column":26}},"7":{"start":{"line":11,"column":4},"end":{"line":19,"column":5}},"8":{"start":{"line":12,"column":8},"end":{"line":18,"column":9}},"9":{"start":{"line":13,"column":12},"end":{"line":13,"column":39}},"10":{"start":{"line":14,"column":12},"end":{"line":14,"column":35}},"11":{"start":{"line":16,"column":12},"end":{"line":16,"column":43}},"12":{"start":{"line":17,"column":12},"end":{"line":17,"column":36}},"13":{"start":{"line":21,"column":4},"end":{"line":21,"column":20}},"14":{"start":{"line":25,"column":16},"end":{"line":25,"column":18}},"15":{"start":{"line":26,"column":4},"end":{"line":29,"column":5}},"16":{"start":{"line":26,"column":21},"end":{"line":26,"column":22}},"17":{"start":{"line":27,"column":32},"end":{"line":27,"column":63}},"18":{"start":{"line":28,"column":8},"end":{"line":28,"column":34}},"19":{"start":{"line":31,"column":4},"end":{"line":31,"column":15}},"20":{"start":{"line":35,"column":20},"end":{"line":35,"column":22}},"21":{"start":{"line":36,"column":4},"end":{"line":39,"column":5}},"22":{"start":{"line":36,"column":21},"end":{"line":36,"column":22}},"23":{"start":{"line":37,"column":36},"end":{"line":37,"column":67}},"24":{"start":{"line":38,"column":8},"end":{"line":38,"column":42}},"25":{"start":{"line":41,"column":4},"end":{"line":41,"column":19}},"26":{"start":{"line":44,"column":0},"end":{"line":44,"column":37}}},"fnMap":{"0":{"name":"arrayConversion","decl":{"start":{"line":1,"column":9},"end":{"line":1,"column":24}},"loc":{"start":{"line":1,"column":37},"end":{"line":22,"column":1}},"line":1},"1":{"name":"addElements","decl":{"start":{"line":24,"column":9},"end":{"line":24,"column":20}},"loc":{"start":{"line":24,"column":28},"end":{"line":32,"column":1}},"line":24},"2":{"name":"productElements","decl":{"start":{"line":34,"column":9},"end":{"line":34,"column":24}},"loc":{"start":{"line":34,"column":32},"end":{"line":42,"column":1}},"line":34}},"branchMap":{"0":{"loc":{"start":{"line":2,"column":4},"end":{"line":4,"column":5}},"type":"if","locations":[{"start":{"line":2,"column":4},"end":{"line":4,"column":5}},{"start":{"line":2,"column":4},"end":{"line":4,"column":5}}],"line":2},"1":{"loc":{"start":{"line":5,"column":23},"end":{"line":5,"column":65}},"type":"cond-expr","locations":[{"start":{"line":5,"column":53},"end":{"line":5,"column":57}},{"start":{"line":5,"column":60},"end":{"line":5,"column":65}}],"line":5},"2":{"loc":{"start":{"line":6,"column":4},"end":{"line":8,"column":5}},"type":"if","locations":[{"start":{"line":6,"column":4},"end":{"line":8,"column":5}},{"start":{"line":6,"column":4},"end":{"line":8,"column":5}}],"line":6},"3":{"loc":{"start":{"line":12,"column":8},"end":{"line":18,"column":9}},"type":"if","locations":[{"start":{"line":12,"column":8},"end":{"line":18,"column":9}},{"start":{"line":12,"column":8},"end":{"line":18,"column":9}}],"line":12}},"s":{"0":4,"1":1,"2":3,"3":3,"4":1,"5":2,"6":2,"7":2,"8":4,"9":3,"10":3,"11":1,"12":1,"13":2,"14":3,"15":3,"16":3,"17":6,"18":6,"19":3,"20":1,"21":1,"22":1,"23":2,"24":2,"25":1,"26":1},"f":{"0":4,"1":3,"2":1},"b":{"0":[1,3],"1":[2,1],"2":[1,2],"3":[3,1]},"_coverageSchema":"1a1c01bbd47fc00a2c39e90264f33305004495a9","hash":"db480be3e0ff5b83c5ddf81e89cedbbe1f5ab859"}
,"D:\\git\\algorithms\\algo-challenges\\arrayMaxConsecutiveSum\\arrayMaxConsecutiveSum.js": {"path":"D:\\git\\algorithms\\algo-challenges\\arrayMaxConsecutiveSum\\arrayMaxConsecutiveSum.js","statementMap":{"0":{"start":{"line":2,"column":4},"end":{"line":4,"column":5}},"1":{"start":{"line":3,"column":8},"end":{"line":3,"column":50}},"2":{"start":{"line":5,"column":4},"end":{"line":7,"column":5}},"3":{"start":{"line":6,"column":8},"end":{"line":6,"column":39}},"4":{"start":{"line":8,"column":4},"end":{"line":10,"column":5}},"5":{"start":{"line":9,"column":8},"end":{"line":9,"column":65}},"6":{"start":{"line":12,"column":19},"end":{"line":12,"column":20}},"7":{"start":{"line":14,"column":4},"end":{"line":22,"column":5}},"8":{"start":{"line":14,"column":21},"end":{"line":14,"column":22}},"9":{"start":{"line":15,"column":30},"end":{"line":15,"column":31}},"10":{"start":{"line":16,"column":8},"end":{"line":18,"column":9}},"11":{"start":{"line":16,"column":25},"end":{"line":16,"column":26}},"12":{"start":{"line":17,"column":12},"end":{"line":17,"column":57}},"13":{"start":{"line":19,"column":8},"end":{"line":21,"column":9}},"14":{"start":{"line":20,"column":12},"end":{"line":20,"column":39}},"15":{"start":{"line":24,"column":4},"end":{"line":24,"column":20}},"16":{"start":{"line":27,"column":0},"end":{"line":27,"column":44}}},"fnMap":{"0":{"name":"arrayMaxConsecutiveSum","decl":{"start":{"line":1,"column":9},"end":{"line":1,"column":31}},"loc":{"start":{"line":1,"column":51},"end":{"line":25,"column":1}},"line":1}},"branchMap":{"0":{"loc":{"start":{"line":2,"column":4},"end":{"line":4,"column":5}},"type":"if","locations":[{"start":{"line":2,"column":4},"end":{"line":4,"column":5}},{"start":{"line":2,"column":4},"end":{"line":4,"column":5}}],"line":2},"1":{"loc":{"start":{"line":5,"column":4},"end":{"line":7,"column":5}},"type":"if","locations":[{"start":{"line":5,"column":4},"end":{"line":7,"column":5}},{"start":{"line":5,"column":4},"end":{"line":7,"column":5}}],"line":5},"2":{"loc":{"start":{"line":8,"column":4},"end":{"line":10,"column":5}},"type":"if","locations":[{"start":{"line":8,"column":4},"end":{"line":10,"column":5}},{"start":{"line":8,"column":4},"end":{"line":10,"column":5}}],"line":8},"3":{"loc":{"start":{"line":19,"column":8},"end":{"line":21,"column":9}},"type":"if","locations":[{"start":{"line":19,"column":8},"end":{"line":21,"column":9}},{"start":{"line":19,"column":8},"end":{"line":21,"column":9}}],"line":19}},"s":{"0":6,"1":2,"2":4,"3":1,"4":3,"5":1,"6":2,"7":2,"8":2,"9":10,"10":10,"11":10,"12":15,"13":10,"14":6,"15":2,"16":1},"f":{"0":6},"b":{"0":[2,4],"1":[1,3],"2":[1,2],"3":[6,4]},"_coverageSchema":"1a1c01bbd47fc00a2c39e90264f33305004495a9","hash":"a3f627f96fa04ce4974d755f881d44375dca4faa"}
,"D:\\git\\algorithms\\algo-challenges\\arrayMaximalAdjacentDifference\\arrayMaximalAdjacentDifference.js": {"path":"D:\\git\\algorithms\\algo-challenges\\arrayMaximalAdjacentDifference\\arrayMaximalAdjacentDifference.js","statementMap":{"0":{"start":{"line":2,"column":18},"end":{"line":2,"column":19}},"1":{"start":{"line":3,"column":4},"end":{"line":6,"column":5}},"2":{"start":{"line":3,"column":21},"end":{"line":3,"column":22}},"3":{"start":{"line":4,"column":21},"end":{"line":4,"column":72}},"4":{"start":{"line":5,"column":8},"end":{"line":5,"column":50}},"5":{"start":{"line":8,"column":4},"end":{"line":8,"column":19}},"6":{"start":{"line":11,"column":0},"end":{"line":11,"column":52}}},"fnMap":{"0":{"name":"arrayMaximalAdjacentDifference","decl":{"start":{"line":1,"column":9},"end":{"line":1,"column":39}},"loc":{"start":{"line":1,"column":52},"end":{"line":9,"column":1}},"line":1}},"branchMap":{"0":{"loc":{"start":{"line":5,"column":18},"end":{"line":5,"column":49}},"type":"cond-expr","locations":[{"start":{"line":5,"column":35},"end":{"line":5,"column":39}},{"start":{"line":5,"column":42},"end":{"line":5,"column":49}}],"line":5}},"s":{"0":8,"1":8,"2":8,"3":15,"4":15,"5":8,"6":1},"f":{"0":8},"b":{"0":[9,6]},"_coverageSchema":"1a1c01bbd47fc00a2c39e90264f33305004495a9","hash":"e50b1a4842b790bd440d7cc5b75c09ff12d2fa5e"}
,"D:\\git\\algorithms\\algo-challenges\\arrayReplace\\arrayReplace.js": {"path":"D:\\git\\algorithms\\algo-challenges\\arrayReplace\\arrayReplace.js","statementMap":{"0":{"start":{"line":3,"column":16},"end":{"line":3,"column":49}},"1":{"start":{"line":4,"column":4},"end":{"line":9,"column":5}},"2":{"start":{"line":5,"column":8},"end":{"line":8,"column":9}},"3":{"start":{"line":6,"column":12},"end":{"line":6,"column":49}},"4":{"start":{"line":7,"column":12},"end":{"line":7,"column":54}},"5":{"start":{"line":11,"column":4},"end":{"line":11,"column":22}},"6":{"start":{"line":14,"column":0},"end":{"line":14,"column":34}}},"fnMap":{"0":{"name":"arrayReplace","decl":{"start":{"line":2,"column":9},"end":{"line":2,"column":21}},"loc":{"start":{"line":2,"column":67},"end":{"line":12,"column":1}},"line":2}},"branchMap":{"0":{"loc":{"start":{"line":4,"column":4},"end":{"line":9,"column":5}},"type":"if","locations":[{"start":{"line":4,"column":4},"end":{"line":9,"column":5}},{"start":{"line":4,"column":4},"end":{"line":9,"column":5}}],"line":4}},"s":{"0":5,"1":5,"2":3,"3":3,"4":3,"5":5,"6":1},"f":{"0":5},"b":{"0":[3,2]},"_coverageSchema":"1a1c01bbd47fc00a2c39e90264f33305004495a9","hash":"f7901c2b14227749d605ec889144cee1e7373550"}
,"D:\\git\\algorithms\\algo-challenges\\avoidObstacles\\avoidObstacles.js": {"path":"D:\\git\\algorithms\\algo-challenges\\avoidObstacles\\avoidObstacles.js","statementMap":{"0":{"start":{"line":2,"column":4},"end":{"line":4,"column":5}},"1":{"start":{"line":3,"column":8},"end":{"line":3,"column":17}},"2":{"start":{"line":5,"column":4},"end":{"line":5,"column":37}},"3":{"start":{"line":5,"column":30},"end":{"line":5,"column":35}},"4":{"start":{"line":7,"column":4},"end":{"line":9,"column":5}},"5":{"start":{"line":8,"column":8},"end":{"line":8,"column":17}},"6":{"start":{"line":11,"column":4},"end":{"line":15,"column":5}},"7":{"start":{"line":11,"column":23},"end":{"line":11,"column":24}},"8":{"start":{"line":12,"column":8},"end":{"line":14,"column":9}},"9":{"start":{"line":12,"column":40},"end":{"line":12,"column":63}},"10":{"start":{"line":13,"column":12},"end":{"line":13,"column":27}},"11":{"start":{"line":18,"column":4},"end":{"line":18,"column":49}},"12":{"start":{"line":21,"column":0},"end":{"line":21,"column":36}}},"fnMap":{"0":{"name":"avoidObstacles","decl":{"start":{"line":1,"column":9},"end":{"line":1,"column":23}},"loc":{"start":{"line":1,"column":36},"end":{"line":19,"column":1}},"line":1},"1":{"name":"(anonymous_1)","decl":{"start":{"line":5,"column":20},"end":{"line":5,"column":21}},"loc":{"start":{"line":5,"column":30},"end":{"line":5,"column":35}},"line":5},"2":{"name":"(anonymous_2)","decl":{"start":{"line":12,"column":29},"end":{"line":12,"column":30}},"loc":{"start":{"line":12,"column":40},"end":{"line":12,"column":63}},"line":12}},"branchMap":{"0":{"loc":{"start":{"line":2,"column":4},"end":{"line":4,"column":5}},"type":"if","locations":[{"start":{"line":2,"column":4},"end":{"line":4,"column":5}},{"start":{"line":2,"column":4},"end":{"line":4,"column":5}}],"line":2},"1":{"loc":{"start":{"line":7,"column":4},"end":{"line":9,"column":5}},"type":"if","locations":[{"start":{"line":7,"column":4},"end":{"line":9,"column":5}},{"start":{"line":7,"column":4},"end":{"line":9,"column":5}}],"line":7},"2":{"loc":{"start":{"line":12,"column":8},"end":{"line":14,"column":9}},"type":"if","locations":[{"start":{"line":12,"column":8},"end":{"line":14,"column":9}},{"start":{"line":12,"column":8},"end":{"line":14,"column":9}}],"line":12}},"s":{"0":6,"1":1,"2":5,"3":25,"4":5,"5":1,"6":4,"7":4,"8":12,"9":28,"10":3,"11":1,"12":1},"f":{"0":6,"1":25,"2":28},"b":{"0":[1,5],"1":[1,4],"2":[3,9]},"_coverageSchema":"1a1c01bbd47fc00a2c39e90264f33305004495a9","hash":"6bb3e622d21ead43738cbfceff2eb1383fc5aa66"}
,"D:\\git\\algorithms\\algo-challenges\\bishopAndPawn\\bishopAndPawn.js": {"path":"D:\\git\\algorithms\\algo-challenges\\bishopAndPawn\\bishopAndPawn.js","statementMap":{"0":{"start":{"line":1,"column":14},"end":{"line":1,"column":42}},"1":{"start":{"line":4,"column":27},"end":{"line":4,"column":49}},"2":{"start":{"line":5,"column":25},"end":{"line":5,"column":45}},"3":{"start":{"line":7,"column":4},"end":{"line":20,"column":5}},"4":{"start":{"line":9,"column":8},"end":{"line":17,"column":9}},"5":{"start":{"line":10,"column":12},"end":{"line":16,"column":13}},"6":{"start":{"line":11,"column":16},"end":{"line":15,"column":17}},"7":{"start":{"line":12,"column":20},"end":{"line":14,"column":21}},"8":{"start":{"line":13,"column":24},"end":{"line":13,"column":37}},"9":{"start":{"line":19,"column":8},"end":{"line":19,"column":20}},"10":{"start":{"line":22,"column":4},"end":{"line":22,"column":17}},"11":{"start":{"line":25,"column":0},"end":{"line":25,"column":35}}},"fnMap":{"0":{"name":"bishopAndPawn","decl":{"start":{"line":3,"column":9},"end":{"line":3,"column":22}},"loc":{"start":{"line":3,"column":37},"end":{"line":23,"column":1}},"line":3}},"branchMap":{"0":{"loc":{"start":{"line":7,"column":4},"end":{"line":20,"column":5}},"type":"if","locations":[{"start":{"line":7,"column":4},"end":{"line":20,"column":5}},{"start":{"line":7,"column":4},"end":{"line":20,"column":5}}],"line":7},"1":{"loc":{"start":{"line":7,"column":8},"end":{"line":7,"column":66}},"type":"binary-expr","locations":[{"start":{"line":7,"column":8},"end":{"line":7,"column":36}},{"start":{"line":7,"column":40},"end":{"line":7,"column":66}}],"line":7},"2":{"loc":{"start":{"line":9,"column":8},"end":{"line":17,"column":9}},"type":"if","locations":[{"start":{"line":9,"column":8},"end":{"line":17,"column":9}},{"start":{"line":9,"column":8},"end":{"line":17,"column":9}}],"line":9},"3":{"loc":{"start":{"line":10,"column":12},"end":{"line":16,"column":13}},"type":"if","locations":[{"start":{"line":10,"column":12},"end":{"line":16,"column":13}},{"start":{"line":10,"column":12},"end":{"line":16,"column":13}}],"line":10},"4":{"loc":{"start":{"line":11,"column":16},"end":{"line":15,"column":17}},"type":"if","locations":[{"start":{"line":11,"column":16},"end":{"line":15,"column":17}},{"start":{"line":11,"column":16},"end":{"line":15,"column":17}}],"line":11},"5":{"loc":{"start":{"line":12,"column":20},"end":{"line":14,"column":21}},"type":"if","locations":[{"start":{"line":12,"column":20},"end":{"line":14,"column":21}},{"start":{"line":12,"column":20},"end":{"line":14,"column":21}}],"line":12}},"s":{"0":1,"1":7,"2":7,"3":7,"4":5,"5":4,"6":3,"7":2,"8":1,"9":4,"10":2,"11":1},"f":{"0":7},"b":{"0":[5,2],"1":[7,6],"2":[4,1],"3":[3,1],"4":[2,1],"5":[1,1]},"_coverageSchema":"1a1c01bbd47fc00a2c39e90264f33305004495a9","hash":"2dda25fd22dac7800c26eb51f6c216205afab79a"}
,"D:\\git\\algorithms\\algo-challenges\\boxBlur\\boxBlur.js": {"path":"D:\\git\\algorithms\\algo-challenges\\boxBlur\\boxBlur.js","statementMap":{"0":{"start":{"line":2,"column":14},"end":{"line":2,"column":15}},"1":{"start":{"line":3,"column":4},"end":{"line":7,"column":7}},"2":{"start":{"line":4,"column":8},"end":{"line":6,"column":11}},"3":{"start":{"line":5,"column":12},"end":{"line":5,"column":24}},"4":{"start":{"line":8,"column":4},"end":{"line":8,"column":18}},"5":{"start":{"line":9,"column":4},"end":{"line":9,"column":26}},"6":{"start":{"line":11,"column":4},"end":{"line":11,"column":19}},"7":{"start":{"line":14,"column":0},"end":{"line":14,"column":29}}},"fnMap":{"0":{"name":"boxBlur","decl":{"start":{"line":1,"column":9},"end":{"line":1,"column":16}},"loc":{"start":{"line":1,"column":24},"end":{"line":12,"column":1}},"line":1},"1":{"name":"(anonymous_1)","decl":{"start":{"line":3,"column":18},"end":{"line":3,"column":19}},"loc":{"start":{"line":3,"column":27},"end":{"line":7,"column":5}},"line":3},"2":{"name":"(anonymous_2)","decl":{"start":{"line":4,"column":20},"end":{"line":4,"column":21}},"loc":{"start":{"line":4,"column":30},"end":{"line":6,"column":9}},"line":4}},"branchMap":{},"s":{"0":1,"1":1,"2":3,"3":9,"4":1,"5":1,"6":1,"7":1},"f":{"0":1,"1":3,"2":9},"b":{},"_coverageSchema":"1a1c01bbd47fc00a2c39e90264f33305004495a9","hash":"01f7f8cdca80f4a77116678bad2c0f4023e5cb85"}
,"D:\\git\\algorithms\\algo-challenges\\buildPalindrom\\buildPalindrom.js": {"path":"D:\\git\\algorithms\\algo-challenges\\buildPalindrom\\buildPalindrom.js","statementMap":{"0":{"start":{"line":2,"column":19},"end":{"line":2,"column":24}},"1":{"start":{"line":3,"column":4},"end":{"line":6,"column":5}},"2":{"start":{"line":4,"column":8},"end":{"line":4,"column":46}},"3":{"start":{"line":5,"column":8},"end":{"line":5,"column":24}},"4":{"start":{"line":7,"column":35},"end":{"line":7,"column":37}},"5":{"start":{"line":9,"column":18},"end":{"line":9,"column":40}},"6":{"start":{"line":10,"column":4},"end":{"line":16,"column":5}},"7":{"start":{"line":10,"column":21},"end":{"line":10,"column":22}},"8":{"start":{"line":11,"column":8},"end":{"line":15,"column":9}},"9":{"start":{"line":12,"column":12},"end":{"line":12,"column":22}},"10":{"start":{"line":14,"column":12},"end":{"line":14,"column":60}},"11":{"start":{"line":17,"column":20},"end":{"line":17,"column":31}},"12":{"start":{"line":18,"column":4},"end":{"line":18,"column":44}},"13":{"start":{"line":19,"column":4},"end":{"line":21,"column":5}},"14":{"start":{"line":19,"column":21},"end":{"line":19,"column":28}},"15":{"start":{"line":20,"column":8},"end":{"line":20,"column":50}},"16":{"start":{"line":23,"column":4},"end":{"line":25,"column":5}},"17":{"start":{"line":24,"column":8},"end":{"line":24,"column":38}},"18":{"start":{"line":27,"column":4},"end":{"line":27,"column":21}},"19":{"start":{"line":30,"column":0},"end":{"line":30,"column":36}}},"fnMap":{"0":{"name":"buildPalindrom","decl":{"start":{"line":1,"column":9},"end":{"line":1,"column":23}},"loc":{"start":{"line":1,"column":37},"end":{"line":28,"column":1}},"line":1}},"branchMap":{"0":{"loc":{"start":{"line":3,"column":4},"end":{"line":6,"column":5}},"type":"if","locations":[{"start":{"line":3,"column":4},"end":{"line":6,"column":5}},{"start":{"line":3,"column":4},"end":{"line":6,"column":5}}],"line":3},"1":{"loc":{"start":{"line":11,"column":8},"end":{"line":15,"column":9}},"type":"if","locations":[{"start":{"line":11,"column":8},"end":{"line":15,"column":9}},{"start":{"line":11,"column":8},"end":{"line":15,"column":9}}],"line":11},"2":{"loc":{"start":{"line":23,"column":4},"end":{"line":25,"column":5}},"type":"if","locations":[{"start":{"line":23,"column":4},"end":{"line":25,"column":5}},{"start":{"line":23,"column":4},"end":{"line":25,"column":5}}],"line":23}},"s":{"0":8,"1":8,"2":2,"3":2,"4":8,"5":8,"6":8,"7":8,"8":27,"9":20,"10":7,"11":8,"12":8,"13":8,"14":8,"15":7,"16":8,"17":2,"18":8,"19":1},"f":{"0":8},"b":{"0":[2,6],"1":[20,7],"2":[2,6]},"_coverageSchema":"1a1c01bbd47fc00a2c39e90264f33305004495a9","hash":"40a7523e7734620309fbc8ec271d6c04a1343646"}
,"D:\\git\\algorithms\\algo-challenges\\candies\\candies.js": {"path":"D:\\git\\algorithms\\algo-challenges\\candies\\candies.js","statementMap":{"0":{"start":{"line":1,"column":23},"end":{"line":1,"column":61}},"1":{"start":{"line":4,"column":4},"end":{"line":6,"column":5}},"2":{"start":{"line":5,"column":8},"end":{"line":5,"column":17}},"3":{"start":{"line":8,"column":4},"end":{"line":8,"column":50}},"4":{"start":{"line":11,"column":0},"end":{"line":11,"column":29}}},"fnMap":{"0":{"name":"candies","decl":{"start":{"line":3,"column":9},"end":{"line":3,"column":16}},"loc":{"start":{"line":3,"column":44},"end":{"line":9,"column":1}},"line":3}},"branchMap":{"0":{"loc":{"start":{"line":4,"column":4},"end":{"line":6,"column":5}},"type":"if","locations":[{"start":{"line":4,"column":4},"end":{"line":6,"column":5}},{"start":{"line":4,"column":4},"end":{"line":6,"column":5}}],"line":4},"1":{"loc":{"start":{"line":4,"column":8},"end":{"line":4,"column":52}},"type":"binary-expr","locations":[{"start":{"line":4,"column":8},"end":{"line":4,"column":34}},{"start":{"line":4,"column":38},"end":{"line":4,"column":52}}],"line":4}},"s":{"0":1,"1":4,"2":2,"3":2,"4":1},"f":{"0":4},"b":{"0":[2,2],"1":[4,3]},"_coverageSchema":"1a1c01bbd47fc00a2c39e90264f33305004495a9","hash":"a669143bba7ec64683902566908311ed1d97774f"}
,"D:\\git\\algorithms\\algo-challenges\\capatilize\\capatilize.js": {"path":"D:\\git\\algorithms\\algo-challenges\\capatilize\\capatilize.js","statementMap":{"0":{"start":{"line":7,"column":24},"end":{"line":7,"column":45}},"1":{"start":{"line":8,"column":17},"end":{"line":8,"column":45}},"2":{"start":{"line":10,"column":4},"end":{"line":10,"column":30}},"3":{"start":{"line":13,"column":0},"end":{"line":13,"column":28}}},"fnMap":{"0":{"name":"capatilize","decl":{"start":{"line":6,"column":9},"end":{"line":6,"column":19}},"loc":{"start":{"line":6,"column":26},"end":{"line":11,"column":1}},"line":6}},"branchMap":{},"s":{"0":2,"1":2,"2":2,"3":1},"f":{"0":2},"b":{},"_coverageSchema":"1a1c01bbd47fc00a2c39e90264f33305004495a9","hash":"f3385b1eb4f14a792c5b1375a04d30539ec73ff8"}
,"D:\\git\\algorithms\\algo-challenges\\centuryFromYear\\centuryFromYear.js": {"path":"D:\\git\\algorithms\\algo-challenges\\centuryFromYear\\centuryFromYear.js","statementMap":{"0":{"start":{"line":1,"column":23},"end":{"line":1,"column":61}},"1":{"start":{"line":3,"column":4},"end":{"line":5,"column":5}},"2":{"start":{"line":4,"column":8},"end":{"line":4,"column":44}},"3":{"start":{"line":6,"column":20},"end":{"line":6,"column":42}},"4":{"start":{"line":7,"column":4},"end":{"line":9,"column":5}},"5":{"start":{"line":8,"column":8},"end":{"line":8,"column":23}},"6":{"start":{"line":11,"column":4},"end":{"line":11,"column":23}},"7":{"start":{"line":14,"column":0},"end":{"line":14,"column":37}}},"fnMap":{"0":{"name":"centuryFromYear","decl":{"start":{"line":2,"column":9},"end":{"line":2,"column":24}},"loc":{"start":{"line":2,"column":31},"end":{"line":12,"column":1}},"line":2}},"branchMap":{"0":{"loc":{"start":{"line":3,"column":4},"end":{"line":5,"column":5}},"type":"if","locations":[{"start":{"line":3,"column":4},"end":{"line":5,"column":5}},{"start":{"line":3,"column":4},"end":{"line":5,"column":5}}],"line":3},"1":{"loc":{"start":{"line":7,"column":4},"end":{"line":9,"column":5}},"type":"if","locations":[{"start":{"line":7,"column":4},"end":{"line":9,"column":5}},{"start":{"line":7,"column":4},"end":{"line":9,"column":5}}],"line":7}},"s":{"0":1,"1":5,"2":1,"3":4,"4":4,"5":1,"6":3,"7":1},"f":{"0":5},"b":{"0":[1,4],"1":[1,3]},"_coverageSchema":"1a1c01bbd47fc00a2c39e90264f33305004495a9","hash":"f628d005376504cf12e3bdf81ad18a11cbd1a7b3"}
,"D:\\git\\algorithms\\algo-challenges\\checkPalindrome\\checkPalindrome.js": {"path":"D:\\git\\algorithms\\algo-challenges\\checkPalindrome\\checkPalindrome.js","statementMap":{"0":{"start":{"line":1,"column":26},"end":{"line":1,"column":62}},"1":{"start":{"line":4,"column":23},"end":{"line":4,"column":49}},"2":{"start":{"line":6,"column":4},"end":{"line":6,"column":38}},"3":{"start":{"line":9,"column":0},"end":{"line":9,"column":33}}},"fnMap":{"0":{"name":"checkPalindrome","decl":{"start":{"line":3,"column":9},"end":{"line":3,"column":24}},"loc":{"start":{"line":3,"column":38},"end":{"line":7,"column":1}},"line":3}},"branchMap":{},"s":{"0":1,"1":3,"2":3,"3":1},"f":{"0":3},"b":{},"_coverageSchema":"1a1c01bbd47fc00a2c39e90264f33305004495a9","hash":"6d5af325185454949a131f65efa58b5c6b6be73f"}
,"D:\\git\\algorithms\\algo-challenges\\chessBoardCellColor\\chessBoardCellColor.js": {"path":"D:\\git\\algorithms\\algo-challenges\\chessBoardCellColor\\chessBoardCellColor.js","statementMap":{"0":{"start":{"line":1,"column":14},"end":{"line":1,"column":42}},"1":{"start":{"line":4,"column":21},"end":{"line":4,"column":42}},"2":{"start":{"line":5,"column":21},"end":{"line":5,"column":42}},"3":{"start":{"line":7,"column":4},"end":{"line":14,"column":5}},"4":{"start":{"line":8,"column":25},"end":{"line":8,"column":55}},"5":{"start":{"line":9,"column":25},"end":{"line":9,"column":55}},"6":{"start":{"line":11,"column":8},"end":{"line":11,"column":37}},"7":{"start":{"line":13,"column":8},"end":{"line":13,"column":54}},"8":{"start":{"line":17,"column":0},"end":{"line":17,"column":38}}},"fnMap":{"0":{"name":"chessBoardCellColor","decl":{"start":{"line":3,"column":9},"end":{"line":3,"column":28}},"loc":{"start":{"line":3,"column":43},"end":{"line":15,"column":1}},"line":3}},"branchMap":{},"s":{"0":1,"1":5,"2":5,"3":5,"4":5,"5":5,"6":4,"7":1,"8":1},"f":{"0":5},"b":{},"_coverageSchema":"1a1c01bbd47fc00a2c39e90264f33305004495a9","hash":"92fed795d2a9fbd989cb7606c2abd11c3a65d5ad"}
,"D:\\git\\algorithms\\algo-challenges\\chessKnight\\chessKnight.js": {"path":"D:\\git\\algorithms\\algo-challenges\\chessKnight\\chessKnight.js","statementMap":{"0":{"start":{"line":2,"column":42},"end":{"line":2,"column":70}},"1":{"start":{"line":3,"column":32},"end":{"line":3,"column":60}},"2":{"start":{"line":5,"column":27},"end":{"line":5,"column":47}},"3":{"start":{"line":6,"column":22},"end":{"line":6,"column":23}},"4":{"start":{"line":8,"column":4},"end":{"line":13,"column":7}},"5":{"start":{"line":9,"column":25},"end":{"line":9,"column":62}},"6":{"start":{"line":10,"column":8},"end":{"line":12,"column":9}},"7":{"start":{"line":11,"column":12},"end":{"line":11,"column":26}},"8":{"start":{"line":15,"column":4},"end":{"line":15,"column":23}},"9":{"start":{"line":18,"column":0},"end":{"line":18,"column":29}}},"fnMap":{"0":{"name":"chessKnight","decl":{"start":{"line":1,"column":9},"end":{"line":1,"column":20}},"loc":{"start":{"line":1,"column":33},"end":{"line":16,"column":1}},"line":1},"1":{"name":"(anonymous_1)","decl":{"start":{"line":8,"column":32},"end":{"line":8,"column":33}},"loc":{"start":{"line":8,"column":42},"end":{"line":13,"column":5}},"line":8}},"branchMap":{"0":{"loc":{"start":{"line":10,"column":8},"end":{"line":12,"column":9}},"type":"if","locations":[{"start":{"line":10,"column":8},"end":{"line":12,"column":9}},{"start":{"line":10,"column":8},"end":{"line":12,"column":9}}],"line":10}},"s":{"0":6,"1":6,"2":6,"3":6,"4":6,"5":48,"6":48,"7":22,"8":6,"9":1},"f":{"0":6,"1":48},"b":{"0":[22,26]},"_coverageSchema":"1a1c01bbd47fc00a2c39e90264f33305004495a9","hash":"1f609fb6223df0b2b891d74f0d4260b48366e1a6"}
,"D:\\git\\algorithms\\algo-challenges\\chunkyMonkey\\chunkyMonkey.js": {"path":"D:\\git\\algorithms\\algo-challenges\\chunkyMonkey\\chunkyMonkey.js","statementMap":{"0":{"start":{"line":6,"column":4},"end":{"line":8,"column":5}},"1":{"start":{"line":7,"column":8},"end":{"line":7,"column":54}},"2":{"start":{"line":9,"column":23},"end":{"line":9,"column":25}},"3":{"start":{"line":11,"column":4},"end":{"line":14,"column":5}},"4":{"start":{"line":11,"column":26},"end":{"line":11,"column":27}},"5":{"start":{"line":12,"column":8},"end":{"line":12,"column":78}},"6":{"start":{"line":13,"column":8},"end":{"line":13,"column":33}},"7":{"start":{"line":16,"column":4},"end":{"line":16,"column":22}},"8":{"start":{"line":19,"column":0},"end":{"line":19,"column":34}}},"fnMap":{"0":{"name":"chunkyMonkey","decl":{"start":{"line":5,"column":9},"end":{"line":5,"column":21}},"loc":{"start":{"line":5,"column":45},"end":{"line":17,"column":1}},"line":5}},"branchMap":{"0":{"loc":{"start":{"line":6,"column":4},"end":{"line":8,"column":5}},"type":"if","locations":[{"start":{"line":6,"column":4},"end":{"line":8,"column":5}},{"start":{"line":6,"column":4},"end":{"line":8,"column":5}}],"line":6}},"s":{"0":6,"1":2,"2":4,"3":4,"4":4,"5":4,"6":4,"7":4,"8":1},"f":{"0":6},"b":{"0":[2,4]},"_coverageSchema":"1a1c01bbd47fc00a2c39e90264f33305004495a9","hash":"186525a8ec17feb9db7f6952f46db953ff67210b"}
,"D:\\git\\algorithms\\algo-challenges\\circleOfNumbers\\circleOfNumbers.js": {"path":"D:\\git\\algorithms\\algo-challenges\\circleOfNumbers\\circleOfNumbers.js","statementMap":{"0":{"start":{"line":2,"column":4},"end":{"line":4,"column":5}},"1":{"start":{"line":3,"column":8},"end":{"line":3,"column":38}},"2":{"start":{"line":5,"column":4},"end":{"line":7,"column":5}},"3":{"start":{"line":6,"column":8},"end":{"line":6,"column":39}},"4":{"start":{"line":8,"column":27},"end":{"line":8,"column":65}},"5":{"start":{"line":9,"column":18},"end":{"line":9,"column":49}},"6":{"start":{"line":11,"column":4},"end":{"line":11,"column":32}},"7":{"start":{"line":14,"column":0},"end":{"line":14,"column":33}}},"fnMap":{"0":{"name":"circleOfNumbers","decl":{"start":{"line":1,"column":9},"end":{"line":1,"column":24}},"loc":{"start":{"line":1,"column":56},"end":{"line":12,"column":1}},"line":1}},"branchMap":{"0":{"loc":{"start":{"line":2,"column":4},"end":{"line":4,"column":5}},"type":"if","locations":[{"start":{"line":2,"column":4},"end":{"line":4,"column":5}},{"start":{"line":2,"column":4},"end":{"line":4,"column":5}}],"line":2},"1":{"loc":{"start":{"line":5,"column":4},"end":{"line":7,"column":5}},"type":"if","locations":[{"start":{"line":5,"column":4},"end":{"line":7,"column":5}},{"start":{"line":5,"column":4},"end":{"line":7,"column":5}}],"line":5}},"s":{"0":3,"1":1,"2":2,"3":1,"4":1,"5":1,"6":1,"7":1},"f":{"0":3},"b":{"0":[1,2],"1":[1,1]},"_coverageSchema":"1a1c01bbd47fc00a2c39e90264f33305004495a9","hash":"4a32331ac72641804d22f3f75fcfbd3fb4007411"}
,"D:\\git\\algorithms\\algo-challenges\\clockAngle\\clockAngle.js": {"path":"D:\\git\\algorithms\\algo-challenges\\clockAngle\\clockAngle.js","statementMap":{"0":{"start":{"line":2,"column":19},"end":{"line":2,"column":54}},"1":{"start":{"line":3,"column":18},"end":{"line":3,"column":35}},"2":{"start":{"line":4,"column":4},"end":{"line":12,"column":5}},"3":{"start":{"line":5,"column":17},"end":{"line":5,"column":25}},"4":{"start":{"line":6,"column":20},"end":{"line":6,"column":28}},"5":{"start":{"line":7,"column":8},"end":{"line":7,"column":32}},"6":{"start":{"line":8,"column":20},"end":{"line":8,"column":55}},"7":{"start":{"line":9,"column":8},"end":{"line":9,"column":32}},"8":{"start":{"line":11,"column":8},"end":{"line":11,"column":44}},"9":{"start":{"line":13,"column":4},"end":{"line":13,"column":45}},"10":{"start":{"line":17,"column":4},"end":{"line":19,"column":5}},"11":{"start":{"line":18,"column":8},"end":{"line":18,"column":19}},"12":{"start":{"line":21,"column":4},"end":{"line":21,"column":16}},"13":{"start":{"line":24,"column":0},"end":{"line":24,"column":33}}},"fnMap":{"0":{"name":"convertTime","decl":{"start":{"line":1,"column":9},"end":{"line":1,"column":20}},"loc":{"start":{"line":1,"column":27},"end":{"line":14,"column":1}},"line":1},"1":{"name":"convertTo12Hrs","decl":{"start":{"line":16,"column":9},"end":{"line":16,"column":23}},"loc":{"start":{"line":16,"column":30},"end":{"line":22,"column":1}},"line":16}},"branchMap":{"0":{"loc":{"start":{"line":4,"column":4},"end":{"line":12,"column":5}},"type":"if","locations":[{"start":{"line":4,"column":4},"end":{"line":12,"column":5}},{"start":{"line":4,"column":4},"end":{"line":12,"column":5}}],"line":4},"1":{"loc":{"start":{"line":17,"column":4},"end":{"line":19,"column":5}},"type":"if","locations":[{"start":{"line":17,"column":4},"end":{"line":19,"column":5}},{"start":{"line":17,"column":4},"end":{"line":19,"column":5}}],"line":17}},"s":{"0":14,"1":14,"2":14,"3":13,"4":13,"5":13,"6":13,"7":13,"8":13,"9":1,"10":13,"11":6,"12":13,"13":1},"f":{"0":14,"1":13},"b":{"0":[13,1],"1":[6,7]},"_coverageSchema":"1a1c01bbd47fc00a2c39e90264f33305004495a9","hash":"e4fb8b8df85900cc4e646c312534163eb5ca3d86"}
,"D:\\git\\algorithms\\algo-challenges\\closestDuplicate\\closestDuplicate.js": {"path":"D:\\git\\algorithms\\algo-challenges\\closestDuplicate\\closestDuplicate.js","statementMap":{"0":{"start":{"line":7,"column":25},"end":{"line":7,"column":42}},"1":{"start":{"line":9,"column":4},"end":{"line":16,"column":5}},"2":{"start":{"line":9,"column":31},"end":{"line":9,"column":32}},"3":{"start":{"line":10,"column":8},"end":{"line":15,"column":9}},"4":{"start":{"line":10,"column":35},"end":{"line":10,"column":54}},"5":{"start":{"line":11,"column":12},"end":{"line":14,"column":13}},"6":{"start":{"line":12,"column":16},"end":{"line":12,"column":63}},"7":{"start":{"line":13,"column":16},"end":{"line":13,"column":67}},"8":{"start":{"line":18,"column":4},"end":{"line":18,"column":28}},"9":{"start":{"line":21,"column":0},"end":{"line":21,"column":38}}},"fnMap":{"0":{"name":"closestDuplicate","decl":{"start":{"line":6,"column":9},"end":{"line":6,"column":25}},"loc":{"start":{"line":6,"column":38},"end":{"line":19,"column":1}},"line":6}},"branchMap":{"0":{"loc":{"start":{"line":11,"column":12},"end":{"line":14,"column":13}},"type":"if","locations":[{"start":{"line":11,"column":12},"end":{"line":14,"column":13}},{"start":{"line":11,"column":12},"end":{"line":14,"column":13}}],"line":11},"1":{"loc":{"start":{"line":11,"column":16},"end":{"line":11,"column":129}},"type":"binary-expr","locations":[{"start":{"line":11,"column":16},"end":{"line":11,"column":75}},{"start":{"line":11,"column":79},"end":{"line":11,"column":129}}],"line":11}},"s":{"0":2,"1":2,"2":2,"3":11,"4":11,"5":25,"6":2,"7":2,"8":2,"9":1},"f":{"0":2},"b":{"0":[2,23],"1":[25,2]},"_coverageSchema":"1a1c01bbd47fc00a2c39e90264f33305004495a9","hash":"578f752722ad97964b07d0843cfdd1adac76c771"}
,"D:\\git\\algorithms\\algo-challenges\\depositeProfite\\depositeProfite.js": {"path":"D:\\git\\algorithms\\algo-challenges\\depositeProfite\\depositeProfite.js","statementMap":{"0":{"start":{"line":4,"column":18},"end":{"line":4,"column":19}},"1":{"start":{"line":5,"column":4},"end":{"line":8,"column":5}},"2":{"start":{"line":6,"column":8},"end":{"line":6,"column":18}},"3":{"start":{"line":7,"column":8},"end":{"line":7,"column":44}},"4":{"start":{"line":10,"column":4},"end":{"line":10,"column":19}},"5":{"start":{"line":13,"column":0},"end":{"line":13,"column":36}}},"fnMap":{"0":{"name":"depositeProfit","decl":{"start":{"line":3,"column":9},"end":{"line":3,"column":23}},"loc":{"start":{"line":3,"column":76},"end":{"line":11,"column":1}},"line":3}},"branchMap":{},"s":{"0":2,"1":2,"2":1,"3":1,"4":2,"5":1},"f":{"0":2},"b":{},"_coverageSchema":"1a1c01bbd47fc00a2c39e90264f33305004495a9","hash":"b010a1b65a0aecabc4d3d18fb4820b1afff3721e"}
,"D:\\git\\algorithms\\algo-challenges\\differentCharacters\\differentCharacters.js": {"path":"D:\\git\\algorithms\\algo-challenges\\differentCharacters\\differentCharacters.js","statementMap":{"0":{"start":{"line":1,"column":38},"end":{"line":1,"column":66}},"1":{"start":{"line":4,"column":4},"end":{"line":4,"column":57}},"2":{"start":{"line":7,"column":0},"end":{"line":7,"column":37}}},"fnMap":{"0":{"name":"differentCharacters","decl":{"start":{"line":3,"column":9},"end":{"line":3,"column":28}},"loc":{"start":{"line":3,"column":42},"end":{"line":5,"column":1}},"line":3}},"branchMap":{},"s":{"0":1,"1":4,"2":1},"f":{"0":4},"b":{},"_coverageSchema":"1a1c01bbd47fc00a2c39e90264f33305004495a9","hash":"6da7eb0694062700f9c92e5f508e6c8b9f07f9f7"}
,"D:\\git\\algorithms\\algo-challenges\\digitsProduct\\digitsProduct.js": {"path":"D:\\git\\algorithms\\algo-challenges\\digitsProduct\\digitsProduct.js","statementMap":{"0":{"start":{"line":1,"column":20},"end":{"line":1,"column":55}},"1":{"start":{"line":2,"column":28},"end":{"line":2,"column":71}},"2":{"start":{"line":5,"column":4},"end":{"line":19,"column":5}},"3":{"start":{"line":6,"column":8},"end":{"line":8,"column":9}},"4":{"start":{"line":7,"column":12},"end":{"line":7,"column":22}},"5":{"start":{"line":9,"column":8},"end":{"line":11,"column":9}},"6":{"start":{"line":10,"column":12},"end":{"line":10,"column":30}},"7":{"start":{"line":12,"column":23},"end":{"line":12,"column":54}},"8":{"start":{"line":13,"column":8},"end":{"line":18,"column":9}},"9":{"start":{"line":13,"column":27},"end":{"line":13,"column":28}},"10":{"start":{"line":14,"column":28},"end":{"line":14,"column":43}},"11":{"start":{"line":15,"column":12},"end":{"line":17,"column":13}},"12":{"start":{"line":16,"column":16},"end":{"line":16,"column":68}},"13":{"start":{"line":20,"column":4},"end":{"line":20,"column":37}},"14":{"start":{"line":23,"column":0},"end":{"line":23,"column":31}}},"fnMap":{"0":{"name":"digitsProduct","decl":{"start":{"line":4,"column":9},"end":{"line":4,"column":22}},"loc":{"start":{"line":4,"column":36},"end":{"line":21,"column":1}},"line":4}},"branchMap":{"0":{"loc":{"start":{"line":5,"column":4},"end":{"line":19,"column":5}},"type":"if","locations":[{"start":{"line":5,"column":4},"end":{"line":19,"column":5}},{"start":{"line":5,"column":4},"end":{"line":19,"column":5}}],"line":5},"1":{"loc":{"start":{"line":6,"column":8},"end":{"line":8,"column":9}},"type":"if","locations":[{"start":{"line":6,"column":8},"end":{"line":8,"column":9}},{"start":{"line":6,"column":8},"end":{"line":8,"column":9}}],"line":6},"2":{"loc":{"start":{"line":9,"column":8},"end":{"line":11,"column":9}},"type":"if","locations":[{"start":{"line":9,"column":8},"end":{"line":11,"column":9}},{"start":{"line":9,"column":8},"end":{"line":11,"column":9}}],"line":9},"3":{"loc":{"start":{"line":15,"column":12},"end":{"line":17,"column":13}},"type":"if","locations":[{"start":{"line":15,"column":12},"end":{"line":17,"column":13}},{"start":{"line":15,"column":12},"end":{"line":17,"column":13}}],"line":15}},"s":{"0":1,"1":1,"2":5,"3":4,"4":1,"5":3,"6":1,"7":3,"8":3,"9":3,"10":4,"11":4,"12":3,"13":1,"14":1},"f":{"0":5},"b":{"0":[4,1],"1":[1,3],"2":[1,2],"3":[3,1]},"_coverageSchema":"1a1c01bbd47fc00a2c39e90264f33305004495a9","hash":"6ef15542b5bdf5f24cd66e4c73748e6d846fbff2"}
,"D:\\git\\algorithms\\algo-challenges\\domainType\\domainType.js": {"path":"D:\\git\\algorithms\\algo-challenges\\domainType\\domainType.js","statementMap":{"0":{"start":{"line":7,"column":19},"end":{"line":14,"column":5}},"1":{"start":{"line":15,"column":25},"end":{"line":15,"column":27}},"2":{"start":{"line":17,"column":4},"end":{"line":17,"column":18}},"3":{"start":{"line":22,"column":4},"end":{"line":32,"column":7}},"4":{"start":{"line":23,"column":28},"end":{"line":23,"column":45}},"5":{"start":{"line":24,"column":22},"end":{"line":24,"column":57}},"6":{"start":{"line":25,"column":8},"end":{"line":31,"column":9}},"7":{"start":{"line":26,"column":12},"end":{"line":28,"column":13}},"8":{"start":{"line":27,"column":16},"end":{"line":27,"column":49}},"9":{"start":{"line":30,"column":12},"end":{"line":30,"column":25}},"10":{"start":{"line":34,"column":4},"end":{"line":36,"column":5}},"11":{"start":{"line":35,"column":8},"end":{"line":35,"column":39}},"12":{"start":{"line":38,"column":4},"end":{"line":38,"column":24}},"13":{"start":{"line":41,"column":0},"end":{"line":41,"column":32}}},"fnMap":{"0":{"name":"domainType","decl":{"start":{"line":6,"column":9},"end":{"line":6,"column":19}},"loc":{"start":{"line":6,"column":32},"end":{"line":39,"column":1}},"line":6},"1":{"name":"(anonymous_1)","decl":{"start":{"line":22,"column":23},"end":{"line":22,"column":24}},"loc":{"start":{"line":22,"column":35},"end":{"line":32,"column":5}},"line":22}},"branchMap":{"0":{"loc":{"start":{"line":25,"column":8},"end":{"line":31,"column":9}},"type":"if","locations":[{"start":{"line":25,"column":8},"end":{"line":31,"column":9}},{"start":{"line":25,"column":8},"end":{"line":31,"column":9}}],"line":25},"1":{"loc":{"start":{"line":26,"column":12},"end":{"line":28,"column":13}},"type":"if","locations":[{"start":{"line":26,"column":12},"end":{"line":28,"column":13}},{"start":{"line":26,"column":12},"end":{"line":28,"column":13}}],"line":26},"2":{"loc":{"start":{"line":34,"column":4},"end":{"line":36,"column":5}},"type":"if","locations":[{"start":{"line":34,"column":4},"end":{"line":36,"column":5}},{"start":{"line":34,"column":4},"end":{"line":36,"column":5}}],"line":34}},"s":{"0":3,"1":3,"2":3,"3":3,"4":5,"5":5,"6":5,"7":4,"8":3,"9":1,"10":3,"11":1,"12":2,"13":1},"f":{"0":3,"1":5},"b":{"0":[4,1],"1":[3,1],"2":[1,2]},"_coverageSchema":"1a1c01bbd47fc00a2c39e90264f33305004495a9","hash":"d44ff4e95196c9d1488f098e62159d8946af86af"}
,"D:\\git\\algorithms\\algo-challenges\\encloseInBrackets\\encloseInBrackets.js": {"path":"D:\\git\\algorithms\\algo-challenges\\encloseInBrackets\\encloseInBrackets.js","statementMap":{"0":{"start":{"line":2,"column":4},"end":{"line":14,"column":5}},"1":{"start":{"line":3,"column":8},"end":{"line":5,"column":9}},"2":{"start":{"line":4,"column":12},"end":{"line":4,"column":28}},"3":{"start":{"line":6,"column":8},"end":{"line":8,"column":9}},"4":{"start":{"line":7,"column":12},"end":{"line":7,"column":34}},"5":{"start":{"line":9,"column":8},"end":{"line":11,"column":9}},"6":{"start":{"line":10,"column":12},"end":{"line":10,"column":34}},"7":{"start":{"line":13,"column":8},"end":{"line":13,"column":36}},"8":{"start":{"line":15,"column":4},"end":{"line":15,"column":37}},"9":{"start":{"line":18,"column":0},"end":{"line":18,"column":39}}},"fnMap":{"0":{"name":"encloseInBrackets","decl":{"start":{"line":1,"column":9},"end":{"line":1,"column":26}},"loc":{"start":{"line":1,"column":37},"end":{"line":16,"column":1}},"line":1}},"branchMap":{"0":{"loc":{"start":{"line":2,"column":4},"end":{"line":14,"column":5}},"type":"if","locations":[{"start":{"line":2,"column":4},"end":{"line":14,"column":5}},{"start":{"line":2,"column":4},"end":{"line":14,"column":5}}],"line":2},"1":{"loc":{"start":{"line":3,"column":8},"end":{"line":5,"column":9}},"type":"if","locations":[{"start":{"line":3,"column":8},"end":{"line":5,"column":9}},{"start":{"line":3,"column":8},"end":{"line":5,"column":9}}],"line":3},"2":{"loc":{"start":{"line":3,"column":12},"end":{"line":3,"column":72}},"type":"binary-expr","locations":[{"start":{"line":3,"column":12},"end":{"line":3,"column":31}},{"start":{"line":3,"column":35},"end":{"line":3,"column":72}}],"line":3},"3":{"loc":{"start":{"line":6,"column":8},"end":{"line":8,"column":9}},"type":"if","locations":[{"start":{"line":6,"column":8},"end":{"line":8,"column":9}},{"start":{"line":6,"column":8},"end":{"line":8,"column":9}}],"line":6},"4":{"loc":{"start":{"line":6,"column":12},"end":{"line":6,"column":72}},"type":"binary-expr","locations":[{"start":{"line":6,"column":12},"end":{"line":6,"column":31}},{"start":{"line":6,"column":35},"end":{"line":6,"column":72}}],"line":6},"5":{"loc":{"start":{"line":9,"column":8},"end":{"line":11,"column":9}},"type":"if","locations":[{"start":{"line":9,"column":8},"end":{"line":11,"column":9}},{"start":{"line":9,"column":8},"end":{"line":11,"column":9}}],"line":9},"6":{"loc":{"start":{"line":9,"column":12},"end":{"line":9,"column":72}},"type":"binary-expr","locations":[{"start":{"line":9,"column":12},"end":{"line":9,"column":31}},{"start":{"line":9,"column":35},"end":{"line":9,"column":72}}],"line":9}},"s":{"0":5,"1":4,"2":1,"3":3,"4":1,"5":2,"6":1,"7":1,"8":1,"9":1},"f":{"0":5},"b":{"0":[4,1],"1":[1,3],"2":[4,2],"3":[1,2],"4":[3,1],"5":[1,1],"6":[2,2]},"_coverageSchema":"1a1c01bbd47fc00a2c39e90264f33305004495a9","hash":"987dee50b56282fe9bbee9ab7481b5f7a40a3104"}
,"D:\\git\\algorithms\\algo-challenges\\evenDigitsOnly\\evenDigitsOnly.js": {"path":"D:\\git\\algorithms\\algo-challenges\\evenDigitsOnly\\evenDigitsOnly.js","statementMap":{"0":{"start":{"line":2,"column":4},"end":{"line":2,"column":120}},"1":{"start":{"line":6,"column":4},"end":{"line":10,"column":5}},"2":{"start":{"line":7,"column":8},"end":{"line":7,"column":42}},"3":{"start":{"line":9,"column":8},"end":{"line":9,"column":123}},"4":{"start":{"line":9,"column":56},"end":{"line":9,"column":121}},"5":{"start":{"line":11,"column":4},"end":{"line":11,"column":37}},"6":{"start":{"line":14,"column":0},"end":{"line":14,"column":36}}},"fnMap":{"0":{"name":"checkForValidInput","decl":{"start":{"line":1,"column":9},"end":{"line":1,"column":27}},"loc":{"start":{"line":1,"column":41},"end":{"line":3,"column":1}},"line":1},"1":{"name":"evenDigitsOnly","decl":{"start":{"line":5,"column":9},"end":{"line":5,"column":23}},"loc":{"start":{"line":5,"column":37},"end":{"line":12,"column":1}},"line":5},"2":{"name":"(anonymous_2)","decl":{"start":{"line":9,"column":45},"end":{"line":9,"column":46}},"loc":{"start":{"line":9,"column":56},"end":{"line":9,"column":121}},"line":9}},"branchMap":{"0":{"loc":{"start":{"line":2,"column":11},"end":{"line":2,"column":119}},"type":"binary-expr","locations":[{"start":{"line":2,"column":11},"end":{"line":2,"column":42}},{"start":{"line":2,"column":47},"end":{"line":2,"column":78}},{"start":{"line":2,"column":82},"end":{"line":2,"column":118}}],"line":2},"1":{"loc":{"start":{"line":6,"column":4},"end":{"line":10,"column":5}},"type":"if","locations":[{"start":{"line":6,"column":4},"end":{"line":10,"column":5}},{"start":{"line":6,"column":4},"end":{"line":10,"column":5}}],"line":6},"2":{"loc":{"start":{"line":9,"column":56},"end":{"line":9,"column":121}},"type":"cond-expr","locations":[{"start":{"line":9,"column":95},"end":{"line":9,"column":99}},{"start":{"line":9,"column":103},"end":{"line":9,"column":120}}],"line":9},"3":{"loc":{"start":{"line":9,"column":57},"end":{"line":9,"column":91}},"type":"binary-expr","locations":[{"start":{"line":9,"column":57},"end":{"line":9,"column":72}},{"start":{"line":9,"column":76},"end":{"line":9,"column":91}}],"line":9}},"s":{"0":8,"1":8,"2":6,"3":6,"4":13,"5":2,"6":1},"f":{"0":8,"1":8,"2":13},"b":{"0":[8,3,2],"1":[6,2],"2":[1,12],"3":[13,13]},"_coverageSchema":"1a1c01bbd47fc00a2c39e90264f33305004495a9","hash":"37e97f97417ab31db05e06505d4ad6c63cc279d2"}
[...]
,"D:\\git\\algorithms\\utils\\Math\\getPrimeNumbers.js": {"path":"D:\\git\\algorithms\\utils\\Math\\getPrimeNumbers.js","statementMap":{"0":{"start":{"line":7,"column":4},"end":{"line":7,"column":96}},"1":{"start":{"line":15,"column":20},"end":{"line":15,"column":22}},"2":{"start":{"line":16,"column":4},"end":{"line":18,"column":5}},"3":{"start":{"line":16,"column":21},"end":{"line":16,"column":31}},"4":{"start":{"line":17,"column":8},"end":{"line":17,"column":30}},"5":{"start":{"line":20,"column":4},"end":{"line":20,"column":19}},"6":{"start":{"line":27,"column":19},"end":{"line":27,"column":21}},"7":{"start":{"line":32,"column":4},"end":{"line":36,"column":7}},"8":{"start":{"line":33,"column":8},"end":{"line":35,"column":9}},"9":{"start":{"line":34,"column":12},"end":{"line":34,"column":31}},"10":{"start":{"line":38,"column":4},"end":{"line":38,"column":18}},"11":{"start":{"line":45,"column":4},"end":{"line":57,"column":5}},"12":{"start":{"line":45,"column":21},"end":{"line":45,"column":22}},"13":{"start":{"line":46,"column":25},"end":{"line":46,"column":38}},"14":{"start":{"line":47,"column":8},"end":{"line":52,"column":9}},"15":{"start":{"line":48,"column":12},"end":{"line":50,"column":13}},"16":{"start":{"line":49,"column":16},"end":{"line":49,"column":44}},"17":{"start":{"line":51,"column":12},"end":{"line":51,"column":32}},"18":{"start":{"line":53,"column":8},"end":{"line":53,"column":16}},"19":{"start":{"line":54,"column":8},"end":{"line":56,"column":9}},"20":{"start":{"line":55,"column":12},"end":{"line":55,"column":20}},"21":{"start":{"line":64,"column":4},"end":{"line":69,"column":5}},"22":{"start":{"line":65,"column":24},"end":{"line":65,"column":60}},"23":{"start":{"line":66,"column":8},"end":{"line":66,"column":46}},"24":{"start":{"line":68,"column":8},"end":{"line":68,"column":44}},"25":{"start":{"line":70,"column":4},"end":{"line":70,"column":37}},"26":{"start":{"line":73,"column":0},"end":{"line":73,"column":37}}},"fnMap":{"0":{"name":"checkForValidNumber","decl":{"start":{"line":6,"column":9},"end":{"line":6,"column":28}},"loc":{"start":{"line":6,"column":51},"end":{"line":8,"column":1}},"line":6},"1":{"name":"prepareNumbers","decl":{"start":{"line":14,"column":9},"end":{"line":14,"column":23}},"loc":{"start":{"line":14,"column":46},"end":{"line":21,"column":1}},"line":14},"2":{"name":"extractPrimeNumbers","decl":{"start":{"line":26,"column":9},"end":{"line":26,"column":28}},"loc":{"start":{"line":26,"column":38},"end":{"line":39,"column":1}},"line":26},"3":{"name":"(anonymous_3)","decl":{"start":{"line":32,"column":20},"end":{"line":32,"column":21}},"loc":{"start":{"line":32,"column":40},"end":{"line":36,"column":5}},"line":32},"4":{"name":"filterPrimeNumbers","decl":{"start":{"line":44,"column":9},"end":{"line":44,"column":27}},"loc":{"start":{"line":44,"column":47},"end":{"line":58,"column":1}},"line":44},"5":{"name":"getPrimeNumbers","decl":{"start":{"line":63,"column":9},"end":{"line":63,"column":24}},"loc":{"start":{"line":63,"column":47},"end":{"line":71,"column":1}},"line":63}},"branchMap":{"0":{"loc":{"start":{"line":7,"column":12},"end":{"line":7,"column":94}},"type":"binary-expr","locations":[{"start":{"line":7,"column":13},"end":{"line":7,"column":41}},{"start":{"line":7,"column":45},"end":{"line":7,"column":75}},{"start":{"line":7,"column":80},"end":{"line":7,"column":94}}],"line":7},"1":{"loc":{"start":{"line":33,"column":8},"end":{"line":35,"column":9}},"type":"if","locations":[{"start":{"line":33,"column":8},"end":{"line":35,"column":9}},{"start":{"line":33,"column":8},"end":{"line":35,"column":9}}],"line":33},"2":{"loc":{"start":{"line":48,"column":12},"end":{"line":50,"column":13}},"type":"if","locations":[{"start":{"line":48,"column":12},"end":{"line":50,"column":13}},{"start":{"line":48,"column":12},"end":{"line":50,"column":13}}],"line":48},"3":{"loc":{"start":{"line":64,"column":4},"end":{"line":69,"column":5}},"type":"if","locations":[{"start":{"line":64,"column":4},"end":{"line":69,"column":5}},{"start":{"line":64,"column":4},"end":{"line":69,"column":5}}],"line":64}},"s":{"0":17,"1":16,"2":16,"3":16,"4":434,"5":16,"6":16,"7":16,"8":434,"9":140,"10":16,"11":16,"12":16,"13":37,"14":37,"15":398,"16":294,"17":398,"18":37,"19":37,"20":23,"21":17,"22":16,"23":16,"24":16,"25":1,"26":5},"f":{"0":17,"1":16,"2":16,"3":434,"4":16,"5":17},"b":{"0":[17,1,16],"1":[140,294],"2":[294,104],"3":[16,1]},"_coverageSchema":"1a1c01bbd47fc00a2c39e90264f33305004495a9","hash":"769f5f35d732b85d5940ee490ffe68ec5b4726ef"}
,"D:\\git\\algorithms\\utils\\Math\\isDigit.js": {"path":"D:\\git\\algorithms\\utils\\Math\\isDigit.js","statementMap":{"0":{"start":{"line":6,"column":4},"end":{"line":8,"column":5}},"1":{"start":{"line":7,"column":8},"end":{"line":7,"column":48}},"2":{"start":{"line":10,"column":4},"end":{"line":10,"column":72}},"3":{"start":{"line":13,"column":0},"end":{"line":13,"column":29}}},"fnMap":{"0":{"name":"isDigit","decl":{"start":{"line":5,"column":9},"end":{"line":5,"column":16}},"loc":{"start":{"line":5,"column":33},"end":{"line":11,"column":1}},"line":5}},"branchMap":{"0":{"loc":{"start":{"line":6,"column":4},"end":{"line":8,"column":5}},"type":"if","locations":[{"start":{"line":6,"column":4},"end":{"line":8,"column":5}},{"start":{"line":6,"column":4},"end":{"line":8,"column":5}}],"line":6},"1":{"loc":{"start":{"line":6,"column":8},"end":{"line":6,"column":71}},"type":"binary-expr","locations":[{"start":{"line":6,"column":8},"end":{"line":6,"column":42}},{"start":{"line":6,"column":46},"end":{"line":6,"column":71}}],"line":6},"2":{"loc":{"start":{"line":10,"column":11},"end":{"line":10,"column":71}},"type":"binary-expr","locations":[{"start":{"line":10,"column":11},"end":{"line":10,"column":45}},{"start":{"line":10,"column":49},"end":{"line":10,"column":71}}],"line":10}},"s":{"0":5,"1":2,"2":5,"3":1},"f":{"0":5},"b":{"0":[2,3],"1":[5,2],"2":[5,3]},"_coverageSchema":"1a1c01bbd47fc00a2c39e90264f33305004495a9","hash":"2dc79550a48f9641f53ebe12d9696a5c43fcc953"}
,"D:\\git\\algorithms\\utils\\Math\\isPrime.js": {"path":"D:\\git\\algorithms\\utils\\Math\\isPrime.js","statementMap":{"0":{"start":{"line":1,"column":28},"end":{"line":1,"column":56}},"1":{"start":{"line":4,"column":4},"end":{"line":4,"column":67}},"2":{"start":{"line":8,"column":4},"end":{"line":10,"column":5}},"3":{"start":{"line":9,"column":8},"end":{"line":9,"column":21}},"4":{"start":{"line":12,"column":4},"end":{"line":12,"column":18}},"5":{"start":{"line":15,"column":4},"end":{"line":20,"column":5}},"6":{"start":{"line":16,"column":8},"end":{"line":16,"column":49}},"7":{"start":{"line":17,"column":36},"end":{"line":17,"column":62}},"8":{"start":{"line":19,"column":8},"end":{"line":19,"column":52}},"9":{"start":{"line":21,"column":4},"end":{"line":21,"column":37}},"10":{"start":{"line":24,"column":0},"end":{"line":24,"column":29}}},"fnMap":{"0":{"name":"isNumberValid","decl":{"start":{"line":3,"column":9},"end":{"line":3,"column":22}},"loc":{"start":{"line":3,"column":31},"end":{"line":5,"column":1}},"line":3},"1":{"name":"checkForNegativeNumbers","decl":{"start":{"line":7,"column":9},"end":{"line":7,"column":32}},"loc":{"start":{"line":7,"column":41},"end":{"line":13,"column":1}},"line":7},"2":{"name":"isPrime","decl":{"start":{"line":14,"column":9},"end":{"line":14,"column":16}},"loc":{"start":{"line":14,"column":25},"end":{"line":22,"column":1}},"line":14}},"branchMap":{"0":{"loc":{"start":{"line":4,"column":11},"end":{"line":4,"column":66}},"type":"binary-expr","locations":[{"start":{"line":4,"column":11},"end":{"line":4,"column":36}},{"start":{"line":4,"column":41},"end":{"line":4,"column":51}},{"start":{"line":4,"column":55},"end":{"line":4,"column":65}}],"line":4},"1":{"loc":{"start":{"line":8,"column":4},"end":{"line":10,"column":5}},"type":"if","locations":[{"start":{"line":8,"column":4},"end":{"line":10,"column":5}},{"start":{"line":8,"column":4},"end":{"line":10,"column":5}}],"line":8},"2":{"loc":{"start":{"line":15,"column":4},"end":{"line":20,"column":5}},"type":"if","locations":[{"start":{"line":15,"column":4},"end":{"line":20,"column":5}},{"start":{"line":15,"column":4},"end":{"line":20,"column":5}}],"line":15}},"s":{"0":2,"1":8,"2":6,"3":1,"4":6,"5":8,"6":6,"7":6,"8":6,"9":2,"10":2},"f":{"0":8,"1":6,"2":8},"b":{"0":[8,7,6],"1":[1,5],"2":[6,2]},"_coverageSchema":"1a1c01bbd47fc00a2c39e90264f33305004495a9","hash":"8afc8b0ddfdde7da6f616c99bcb2732abab94951"}
,"D:\\git\\algorithms\\utils\\Math\\isSquare.js": {"path":"D:\\git\\algorithms\\utils\\Math\\isSquare.js","statementMap":{"0":{"start":{"line":6,"column":14},"end":{"line":6,"column":43}},"1":{"start":{"line":7,"column":4},"end":{"line":9,"column":5}},"2":{"start":{"line":8,"column":8},"end":{"line":8,"column":20}},"3":{"start":{"line":11,"column":4},"end":{"line":11,"column":17}},"4":{"start":{"line":14,"column":0},"end":{"line":14,"column":30}}},"fnMap":{"0":{"name":"isSquare","decl":{"start":{"line":5,"column":9},"end":{"line":5,"column":17}},"loc":{"start":{"line":5,"column":26},"end":{"line":12,"column":1}},"line":5}},"branchMap":{"0":{"loc":{"start":{"line":7,"column":4},"end":{"line":9,"column":5}},"type":"if","locations":[{"start":{"line":7,"column":4},"end":{"line":9,"column":5}},{"start":{"line":7,"column":4},"end":{"line":9,"column":5}}],"line":7}},"s":{"0":6,"1":6,"2":3,"3":3,"4":2},"f":{"0":6},"b":{"0":[3,3]},"_coverageSchema":"1a1c01bbd47fc00a2c39e90264f33305004495a9","hash":"aa5daedbc71523dc9bb42930a891dd7e243f5724"}
,"D:\\git\\algorithms\\utils\\Math\\rootNumber.js": {"path":"D:\\git\\algorithms\\utils\\Math\\rootNumber.js","statementMap":{"0":{"start":{"line":10,"column":4},"end":{"line":12,"column":14}},"1":{"start":{"line":11,"column":8},"end":{"line":11,"column":36}},"2":{"start":{"line":23,"column":4},"end":{"line":25,"column":14}},"3":{"start":{"line":24,"column":8},"end":{"line":24,"column":36}},"4":{"start":{"line":28,"column":0},"end":{"line":28,"column":54}}},"fnMap":{"0":{"name":"rootNumberSum","decl":{"start":{"line":5,"column":9},"end":{"line":5,"column":22}},"loc":{"start":{"line":5,"column":36},"end":{"line":13,"column":1}},"line":5},"1":{"name":"(anonymous_1)","decl":{"start":{"line":10,"column":40},"end":{"line":10,"column":41}},"loc":{"start":{"line":10,"column":56},"end":{"line":12,"column":5}},"line":10},"2":{"name":"rootNumberProduct","decl":{"start":{"line":18,"column":9},"end":{"line":18,"column":26}},"loc":{"start":{"line":18,"column":40},"end":{"line":26,"column":1}},"line":18},"3":{"name":"(anonymous_3)","decl":{"start":{"line":23,"column":40},"end":{"line":23,"column":41}},"loc":{"start":{"line":23,"column":56},"end":{"line":25,"column":5}},"line":23}},"branchMap":{},"s":{"0":3,"1":12,"2":1,"3":3,"4":3},"f":{"0":3,"1":12,"2":1,"3":3},"b":{},"_coverageSchema":"1a1c01bbd47fc00a2c39e90264f33305004495a9","hash":"7e7b8af0d9a7bccffd61a398071721c75ecbebba"}
,"D:\\git\\algorithms\\utils\\Math\\Matrix\\addition.js": {"path":"D:\\git\\algorithms\\utils\\Math\\Matrix\\addition.js","statementMap":{"0":{"start":{"line":8,"column":19},"end":{"line":8,"column":21}},"1":{"start":{"line":9,"column":4},"end":{"line":14,"column":5}},"2":{"start":{"line":9,"column":19},"end":{"line":9,"column":20}},"3":{"start":{"line":10,"column":8},"end":{"line":10,"column":25}},"4":{"start":{"line":11,"column":8},"end":{"line":13,"column":9}},"5":{"start":{"line":11,"column":26},"end":{"line":11,"column":27}},"6":{"start":{"line":12,"column":12},"end":{"line":12,"column":78}},"7":{"start":{"line":16,"column":4},"end":{"line":16,"column":18}},"8":{"start":{"line":19,"column":0},"end":{"line":19,"column":26}}},"fnMap":{"0":{"name":"addition","decl":{"start":{"line":7,"column":9},"end":{"line":7,"column":17}},"loc":{"start":{"line":7,"column":36},"end":{"line":17,"column":1}},"line":7}},"branchMap":{},"s":{"0":2,"1":2,"2":2,"3":5,"4":5,"5":5,"6":15,"7":2,"8":1},"f":{"0":2},"b":{},"_coverageSchema":"1a1c01bbd47fc00a2c39e90264f33305004495a9","hash":"201e55b3092ba2be3a943114d9aecf486a0a750e"}
,"D:\\git\\algorithms\\utils\\Math\\Matrix\\scalarMultiplication.js": {"path":"D:\\git\\algorithms\\utils\\Math\\Matrix\\scalarMultiplication.js","statementMap":{"0":{"start":{"line":8,"column":4},"end":{"line":12,"column":5}},"1":{"start":{"line":8,"column":19},"end":{"line":8,"column":20}},"2":{"start":{"line":9,"column":8},"end":{"line":11,"column":9}},"3":{"start":{"line":9,"column":26},"end":{"line":9,"column":27}},"4":{"start":{"line":10,"column":12},"end":{"line":10,"column":47}},"5":{"start":{"line":14,"column":4},"end":{"line":14,"column":18}},"6":{"start":{"line":17,"column":0},"end":{"line":17,"column":37}}},"fnMap":{"0":{"name":"sclarMultiplication","decl":{"start":{"line":7,"column":9},"end":{"line":7,"column":28}},"loc":{"start":{"line":7,"column":50},"end":{"line":15,"column":1}},"line":7}},"branchMap":{},"s":{"0":2,"1":2,"2":5,"3":5,"4":15,"5":2,"6":1},"f":{"0":2},"b":{},"_coverageSchema":"1a1c01bbd47fc00a2c39e90264f33305004495a9","hash":"8227a49b537c107da071d1464198dc83efc85203"}
,"D:\\git\\algorithms\\utils\\Math\\Matrix\\transpose.js": {"path":"D:\\git\\algorithms\\utils\\Math\\Matrix\\transpose.js","statementMap":{"0":{"start":{"line":7,"column":28},"end":{"line":7,"column":30}},"1":{"start":{"line":8,"column":4},"end":{"line":15,"column":5}},"2":{"start":{"line":8,"column":19},"end":{"line":8,"column":20}},"3":{"start":{"line":9,"column":8},"end":{"line":14,"column":9}},"4":{"start":{"line":9,"column":26},"end":{"line":9,"column":27}},"5":{"start":{"line":10,"column":12},"end":{"line":12,"column":13}},"6":{"start":{"line":11,"column":16},"end":{"line":11,"column":45}},"7":{"start":{"line":13,"column":12},"end":{"line":13,"column":63}},"8":{"start":{"line":17,"column":4},"end":{"line":17,"column":27}},"9":{"start":{"line":20,"column":0},"end":{"line":20,"column":27}}},"fnMap":{"0":{"name":"transpose","decl":{"start":{"line":6,"column":9},"end":{"line":6,"column":18}},"loc":{"start":{"line":6,"column":27},"end":{"line":18,"column":1}},"line":6}},"branchMap":{"0":{"loc":{"start":{"line":10,"column":12},"end":{"line":12,"column":13}},"type":"if","locations":[{"start":{"line":10,"column":12},"end":{"line":12,"column":13}},{"start":{"line":10,"column":12},"end":{"line":12,"column":13}}],"line":10}},"s":{"0":2,"1":2,"2":2,"3":5,"4":5,"5":15,"6":6,"7":15,"8":2,"9":1},"f":{"0":2},"b":{"0":[6,9]},"_coverageSchema":"1a1c01bbd47fc00a2c39e90264f33305004495a9","hash":"7e2c8889ea306f45f21dac59b2a17f977fd31bdd"}
,"D:\\git\\algorithms\\utils\\Math\\Set\\Intersection.js": {"path":"D:\\git\\algorithms\\utils\\Math\\Set\\Intersection.js","statementMap":{"0":{"start":{"line":8,"column":28},"end":{"line":8,"column":37}},"1":{"start":{"line":9,"column":4},"end":{"line":13,"column":7}},"2":{"start":{"line":10,"column":8},"end":{"line":12,"column":9}},"3":{"start":{"line":11,"column":12},"end":{"line":11,"column":41}},"4":{"start":{"line":15,"column":4},"end":{"line":15,"column":27}},"5":{"start":{"line":18,"column":0},"end":{"line":18,"column":30}}},"fnMap":{"0":{"name":"Intersection","decl":{"start":{"line":7,"column":9},"end":{"line":7,"column":21}},"loc":{"start":{"line":7,"column":34},"end":{"line":16,"column":1}},"line":7},"1":{"name":"(anonymous_1)","decl":{"start":{"line":9,"column":17},"end":{"line":9,"column":18}},"loc":{"start":{"line":9,"column":30},"end":{"line":13,"column":5}},"line":9}},"branchMap":{"0":{"loc":{"start":{"line":10,"column":8},"end":{"line":12,"column":9}},"type":"if","locations":[{"start":{"line":10,"column":8},"end":{"line":12,"column":9}},{"start":{"line":10,"column":8},"end":{"line":12,"column":9}}],"line":10}},"s":{"0":1,"1":1,"2":4,"3":2,"4":1,"5":1},"f":{"0":1,"1":4},"b":{"0":[2,2]},"_coverageSchema":"1a1c01bbd47fc00a2c39e90264f33305004495a9","hash":"4e5800395b9f52bbd45a9d2b7189122f497da362"}
,"D:\\git\\algorithms\\utils\\Math\\Set\\Union.js": {"path":"D:\\git\\algorithms\\utils\\Math\\Set\\Union.js","statementMap":{"0":{"start":{"line":8,"column":22},"end":{"line":8,"column":35}},"1":{"start":{"line":9,"column":4},"end":{"line":11,"column":7}},"2":{"start":{"line":10,"column":8},"end":{"line":10,"column":25}},"3":{"start":{"line":13,"column":4},"end":{"line":13,"column":21}},"4":{"start":{"line":16,"column":0},"end":{"line":16,"column":23}}},"fnMap":{"0":{"name":"Union","decl":{"start":{"line":7,"column":9},"end":{"line":7,"column":14}},"loc":{"start":{"line":7,"column":27},"end":{"line":14,"column":1}},"line":7},"1":{"name":"(anonymous_1)","decl":{"start":{"line":9,"column":17},"end":{"line":9,"column":18}},"loc":{"start":{"line":9,"column":22},"end":{"line":11,"column":5}},"line":9}},"branchMap":{},"s":{"0":1,"1":1,"2":3,"3":1,"4":1},"f":{"0":1,"1":3},"b":{},"_coverageSchema":"1a1c01bbd47fc00a2c39e90264f33305004495a9","hash":"ede023542b12b9d561d5fedc1e8b4cdea7af55e6"}
,"D:\\git\\algorithms\\utils\\Math\\Summation\\arthimaticProgression.js": {"path":"D:\\git\\algorithms\\utils\\Math\\Summation\\arthimaticProgression.js","statementMap":{"0":{"start":{"line":11,"column":21},"end":{"line":11,"column":63}},"1":{"start":{"line":13,"column":4},"end":{"line":13,"column":20}},"2":{"start":{"line":22,"column":4},"end":{"line":22,"column":75}},"3":{"start":{"line":25,"column":0},"end":{"line":25,"column":64}}},"fnMap":{"0":{"name":"arthimaticProgression","decl":{"start":{"line":9,"column":9},"end":{"line":9,"column":30}},"loc":{"start":{"line":9,"column":65},"end":{"line":14,"column":1}},"line":9},"1":{"name":"arthimaticSummation","decl":{"start":{"line":21,"column":9},"end":{"line":21,"column":28}},"loc":{"start":{"line":21,"column":62},"end":{"line":23,"column":1}},"line":21}},"branchMap":{},"s":{"0":1,"1":1,"2":3,"3":2},"f":{"0":1,"1":3},"b":{},"_coverageSchema":"1a1c01bbd47fc00a2c39e90264f33305004495a9","hash":"f69126fb5465e385fca467538ed8d15c8899182d"}
,"D:\\git\\algorithms\\utils\\Math\\Summation\\geometricProgression.js": {"path":"D:\\git\\algorithms\\utils\\Math\\Summation\\geometricProgression.js","statementMap":{"0":{"start":{"line":5,"column":21},"end":{"line":5,"column":63}},"1":{"start":{"line":7,"column":4},"end":{"line":7,"column":20}},"2":{"start":{"line":10,"column":0},"end":{"line":12,"column":2}}},"fnMap":{"0":{"name":"geometricProgression","decl":{"start":{"line":3,"column":9},"end":{"line":3,"column":29}},"loc":{"start":{"line":3,"column":59},"end":{"line":8,"column":1}},"line":3}},"branchMap":{},"s":{"0":1,"1":1,"2":1},"f":{"0":1},"b":{},"_coverageSchema":"1a1c01bbd47fc00a2c39e90264f33305004495a9","hash":"7ee79eee1ad2429176ea0c64f28c000fdaf6041d"}
}
